[0.144s] Invoking command in '/home/logan/uros_ws/build/micro_ros_msgs': CMAKE_PREFIX_PATH=${CMAKE_PREFIX_PATH}:/home/logan/jupiter_ws/install/i9robot_voice:/home/logan/jupiter_ws/install/i9robot_camera:/home/logan/i9robot_ws/install/i9robot_voice:/home/logan/i9robot_ws/install/i9robot_camera:/opt/ros/humble /usr/bin/cmake /home/logan/uros_ws/src/uros/micro_ros_msgs -DCMAKE_INSTALL_PREFIX=/home/logan/uros_ws/install/micro_ros_msgs
[0.184s] -- Found ament_cmake: 1.3.6 (/opt/ros/humble/share/ament_cmake/cmake)
[0.245s] -- Found Python3: /usr/bin/python3.10 (found version "3.10.12") found components: Interpreter 
[0.307s] -- Found rosidl_default_generators: 1.2.0 (/opt/ros/humble/share/rosidl_default_generators/cmake)
[0.311s] -- Using all available rosidl_typesupport_c: rosidl_typesupport_fastrtps_c;rosidl_typesupport_introspection_c
[0.314s] -- Found rosidl_adapter: 3.1.5 (/opt/ros/humble/share/rosidl_adapter/cmake)
[0.344s] -- Using all available rosidl_typesupport_cpp: rosidl_typesupport_fastrtps_cpp;rosidl_typesupport_introspection_cpp
[0.371s] -- Found ament_lint_auto: 0.12.9 (/opt/ros/humble/share/ament_lint_auto/cmake)
[0.562s] -- Found ament_cmake_ros: 0.10.0 (/opt/ros/humble/share/ament_cmake_ros/cmake)
[0.693s] -- Using all available rosidl_typesupport_c: rosidl_typesupport_fastrtps_c;rosidl_typesupport_introspection_c
[0.860s] -- Using all available rosidl_typesupport_cpp: rosidl_typesupport_fastrtps_cpp;rosidl_typesupport_introspection_cpp
[0.878s] -- Found PythonInterp: /usr/bin/python3 (found suitable version "3.10.12", minimum required is "3.6") 
[0.878s] -- Found python_cmake_module: 0.10.0 (/opt/ros/humble/share/python_cmake_module/cmake)
[0.895s] -- Found PythonLibs: /usr/lib/x86_64-linux-gnu/libpython3.10.so (found suitable version "3.10.12", minimum required is "3.5") 
[0.895s] -- Using PYTHON_EXECUTABLE: /usr/bin/python3
[0.895s] -- Using PYTHON_INCLUDE_DIRS: /usr/include/python3.10
[0.895s] -- Using PYTHON_LIBRARIES: /usr/lib/x86_64-linux-gnu/libpython3.10.so
[0.910s] -- Added test 'copyright' to check source files copyright and LICENSE
[0.914s] -- Added test 'lint_cmake' to check CMake code style
[0.916s] -- Added test 'xmllint' to check XML markup files
[0.922s] -- Configuring done
[0.956s] -- Generating done
[0.957s] -- Build files have been written to: /home/logan/uros_ws/build/micro_ros_msgs
[0.962s] Invoked command in '/home/logan/uros_ws/build/micro_ros_msgs' returned '0': CMAKE_PREFIX_PATH=${CMAKE_PREFIX_PATH}:/home/logan/jupiter_ws/install/i9robot_voice:/home/logan/jupiter_ws/install/i9robot_camera:/home/logan/i9robot_ws/install/i9robot_voice:/home/logan/i9robot_ws/install/i9robot_camera:/opt/ros/humble /usr/bin/cmake /home/logan/uros_ws/src/uros/micro_ros_msgs -DCMAKE_INSTALL_PREFIX=/home/logan/uros_ws/install/micro_ros_msgs
[0.963s] Invoking command in '/home/logan/uros_ws/build/micro_ros_msgs': CMAKE_PREFIX_PATH=${CMAKE_PREFIX_PATH}:/home/logan/jupiter_ws/install/i9robot_voice:/home/logan/jupiter_ws/install/i9robot_camera:/home/logan/i9robot_ws/install/i9robot_voice:/home/logan/i9robot_ws/install/i9robot_camera:/opt/ros/humble /usr/bin/cmake --build /home/logan/uros_ws/build/micro_ros_msgs -- -j8 -l8
[0.995s] [  2%] [34m[1mGenerating C code for ROS interfaces[0m
[1.003s] [  4%] [34m[1mGenerating C++ code for ROS interfaces[0m
[1.011s] [  4%] Built target ament_cmake_python_copy_micro_ros_msgs
[1.220s] running egg_info
[1.220s] writing micro_ros_msgs.egg-info/PKG-INFO
[1.220s] writing dependency_links to micro_ros_msgs.egg-info/dependency_links.txt
[1.220s] writing top-level names to micro_ros_msgs.egg-info/top_level.txt
[1.233s] reading manifest file 'micro_ros_msgs.egg-info/SOURCES.txt'
[1.233s] writing manifest file 'micro_ros_msgs.egg-info/SOURCES.txt'
[1.259s] [  4%] Built target micro_ros_msgs__cpp
[1.263s] [  4%] Built target ament_cmake_python_build_micro_ros_msgs_egg
[1.269s] [  6%] [34m[1mGenerating C++ type support dispatch for ROS interfaces[0m
[1.272s] [  8%] [34m[1mGenerating C++ introspection for ROS interfaces[0m
[1.272s] [ 10%] [34m[1mGenerating C++ type support for eProsima Fast-RTPS[0m
[1.285s] [35m[1mConsolidate compiler generated dependencies of target micro_ros_msgs__rosidl_generator_c[0m
[1.294s] [ 12%] [32mBuilding C object CMakeFiles/micro_ros_msgs__rosidl_generator_c.dir/rosidl_generator_c/micro_ros_msgs/msg/detail/node__functions.c.o[0m
[1.295s] [ 17%] [32mBuilding C object CMakeFiles/micro_ros_msgs__rosidl_generator_c.dir/rosidl_generator_c/micro_ros_msgs/msg/detail/graph__functions.c.o[0m
[1.295s] [ 17%] [32mBuilding C object CMakeFiles/micro_ros_msgs__rosidl_generator_c.dir/rosidl_generator_c/micro_ros_msgs/msg/detail/entity__functions.c.o[0m
[1.368s] [ 19%] [32m[1mLinking C shared library libmicro_ros_msgs__rosidl_generator_c.so[0m
[1.402s] [ 19%] Built target micro_ros_msgs__rosidl_generator_c
[1.411s] [ 21%] [34m[1mGenerating C type support for eProsima Fast-RTPS[0m
[1.411s] [ 23%] [34m[1mGenerating C type support dispatch for ROS interfaces[0m
[1.412s] [ 25%] [34m[1mGenerating C introspection for ROS interfaces[0m
[1.519s] [35m[1mConsolidate compiler generated dependencies of target micro_ros_msgs__rosidl_typesupport_cpp[0m
[1.532s] [ 27%] [32mBuilding CXX object CMakeFiles/micro_ros_msgs__rosidl_typesupport_cpp.dir/rosidl_typesupport_cpp/micro_ros_msgs/msg/graph__type_support.cpp.o[0m
[1.533s] [ 29%] [32mBuilding CXX object CMakeFiles/micro_ros_msgs__rosidl_typesupport_cpp.dir/rosidl_typesupport_cpp/micro_ros_msgs/msg/entity__type_support.cpp.o[0m
[1.533s] [ 31%] [32mBuilding CXX object CMakeFiles/micro_ros_msgs__rosidl_typesupport_cpp.dir/rosidl_typesupport_cpp/micro_ros_msgs/msg/node__type_support.cpp.o[0m
[1.617s] [35m[1mConsolidate compiler generated dependencies of target micro_ros_msgs__rosidl_typesupport_introspection_cpp[0m
[1.629s] [ 34%] [32mBuilding CXX object CMakeFiles/micro_ros_msgs__rosidl_typesupport_introspection_cpp.dir/rosidl_typesupport_introspection_cpp/micro_ros_msgs/msg/detail/graph__type_support.cpp.o[0m
[1.709s] [35m[1mConsolidate compiler generated dependencies of target micro_ros_msgs__rosidl_typesupport_fastrtps_cpp[0m
[1.727s] [ 36%] [32mBuilding CXX object CMakeFiles/micro_ros_msgs__rosidl_typesupport_fastrtps_cpp.dir/rosidl_typesupport_fastrtps_cpp/micro_ros_msgs/msg/detail/dds_fastrtps/graph__type_support.cpp.o[0m
[1.786s] [35m[1mConsolidate compiler generated dependencies of target micro_ros_msgs__rosidl_typesupport_introspection_c[0m
[1.798s] [35m[1mConsolidate compiler generated dependencies of target micro_ros_msgs__rosidl_typesupport_c[0m
[1.799s] [ 38%] [32mBuilding C object CMakeFiles/micro_ros_msgs__rosidl_typesupport_introspection_c.dir/rosidl_typesupport_introspection_c/micro_ros_msgs/msg/detail/graph__type_support.c.o[0m
[1.809s] [ 40%] [32mBuilding CXX object CMakeFiles/micro_ros_msgs__rosidl_typesupport_c.dir/rosidl_typesupport_c/micro_ros_msgs/msg/graph__type_support.cpp.o[0m
[1.841s] [ 42%] [32mBuilding C object CMakeFiles/micro_ros_msgs__rosidl_typesupport_introspection_c.dir/rosidl_typesupport_introspection_c/micro_ros_msgs/msg/detail/node__type_support.c.o[0m
[1.850s] [ 44%] [32mBuilding CXX object CMakeFiles/micro_ros_msgs__rosidl_typesupport_c.dir/rosidl_typesupport_c/micro_ros_msgs/msg/node__type_support.cpp.o[0m
[1.877s] [ 46%] [32mBuilding CXX object CMakeFiles/micro_ros_msgs__rosidl_typesupport_c.dir/rosidl_typesupport_c/micro_ros_msgs/msg/entity__type_support.cpp.o[0m
[1.878s] [ 48%] [32mBuilding CXX object CMakeFiles/micro_ros_msgs__rosidl_typesupport_fastrtps_cpp.dir/rosidl_typesupport_fastrtps_cpp/micro_ros_msgs/msg/detail/dds_fastrtps/node__type_support.cpp.o[0m
[1.880s] [35m[1mConsolidate compiler generated dependencies of target micro_ros_msgs__rosidl_typesupport_fastrtps_c[0m
[1.881s] [ 53%] [32mBuilding C object CMakeFiles/micro_ros_msgs__rosidl_typesupport_introspection_c.dir/rosidl_typesupport_introspection_c/micro_ros_msgs/msg/detail/entity__type_support.c.o[0m
[1.881s] [ 53%] [32mBuilding CXX object CMakeFiles/micro_ros_msgs__rosidl_typesupport_fastrtps_cpp.dir/rosidl_typesupport_fastrtps_cpp/micro_ros_msgs/msg/detail/dds_fastrtps/entity__type_support.cpp.o[0m
[1.884s] [ 55%] [32m[1mLinking CXX shared library libmicro_ros_msgs__rosidl_typesupport_cpp.so[0m
[1.895s] [ 57%] [32mBuilding CXX object CMakeFiles/micro_ros_msgs__rosidl_typesupport_fastrtps_c.dir/rosidl_typesupport_fastrtps_c/micro_ros_msgs/msg/detail/graph__type_support_c.cpp.o[0m
[1.910s] [ 59%] [32m[1mLinking CXX shared library libmicro_ros_msgs__rosidl_typesupport_c.so[0m
[1.924s] [ 61%] [32m[1mLinking C shared library libmicro_ros_msgs__rosidl_typesupport_introspection_c.so[0m
[1.931s] [ 61%] Built target micro_ros_msgs__rosidl_typesupport_cpp
[1.941s] [ 63%] [32mBuilding CXX object CMakeFiles/micro_ros_msgs__rosidl_typesupport_fastrtps_c.dir/rosidl_typesupport_fastrtps_c/micro_ros_msgs/msg/detail/node__type_support_c.cpp.o[0m
[1.958s] [ 63%] Built target micro_ros_msgs__rosidl_typesupport_introspection_c
[1.958s] [ 63%] Built target micro_ros_msgs__rosidl_typesupport_c
[1.968s] [ 65%] [32mBuilding CXX object CMakeFiles/micro_ros_msgs__rosidl_typesupport_fastrtps_c.dir/rosidl_typesupport_fastrtps_c/micro_ros_msgs/msg/detail/entity__type_support_c.cpp.o[0m
[1.968s] [ 68%] [32mBuilding CXX object CMakeFiles/micro_ros_msgs__rosidl_typesupport_introspection_cpp.dir/rosidl_typesupport_introspection_cpp/micro_ros_msgs/msg/detail/node__type_support.cpp.o[0m
[2.248s] [ 70%] [32mBuilding CXX object CMakeFiles/micro_ros_msgs__rosidl_typesupport_introspection_cpp.dir/rosidl_typesupport_introspection_cpp/micro_ros_msgs/msg/detail/entity__type_support.cpp.o[0m
[2.348s] [ 72%] [32m[1mLinking CXX shared library libmicro_ros_msgs__rosidl_typesupport_fastrtps_c.so[0m
[2.383s] [ 74%] [32m[1mLinking CXX shared library libmicro_ros_msgs__rosidl_typesupport_fastrtps_cpp.so[0m
[2.402s] [ 74%] Built target micro_ros_msgs__rosidl_typesupport_fastrtps_c
[2.440s] [ 74%] Built target micro_ros_msgs__rosidl_typesupport_fastrtps_cpp
[2.548s] [ 76%] [32m[1mLinking CXX shared library libmicro_ros_msgs__rosidl_typesupport_introspection_cpp.so[0m
[2.600s] [ 76%] Built target micro_ros_msgs__rosidl_typesupport_introspection_cpp
[2.613s] [ 76%] Built target micro_ros_msgs
[2.630s] [ 78%] Built target micro_ros_msgs__py
[2.643s] [35m[1mConsolidate compiler generated dependencies of target micro_ros_msgs__rosidl_generator_py[0m
[2.662s] [ 80%] [32mBuilding C object CMakeFiles/micro_ros_msgs__rosidl_generator_py.dir/rosidl_generator_py/micro_ros_msgs/msg/_graph_s.c.o[0m
[2.662s] [ 82%] [32mBuilding C object CMakeFiles/micro_ros_msgs__rosidl_generator_py.dir/rosidl_generator_py/micro_ros_msgs/msg/_node_s.c.o[0m
[2.662s] [ 85%] [32mBuilding C object CMakeFiles/micro_ros_msgs__rosidl_generator_py.dir/rosidl_generator_py/micro_ros_msgs/msg/_entity_s.c.o[0m
[2.749s] [ 87%] [32m[1mLinking C shared library rosidl_generator_py/micro_ros_msgs/libmicro_ros_msgs__rosidl_generator_py.so[0m
[2.777s] [ 87%] Built target micro_ros_msgs__rosidl_generator_py
[2.785s] [35m[1mConsolidate compiler generated dependencies of target micro_ros_msgs__rosidl_typesupport_c__pyext[0m
[2.785s] [35m[1mConsolidate compiler generated dependencies of target micro_ros_msgs__rosidl_typesupport_fastrtps_c__pyext[0m
[2.785s] [35m[1mConsolidate compiler generated dependencies of target micro_ros_msgs__rosidl_typesupport_introspection_c__pyext[0m
[2.793s] [ 93%] [32mBuilding C object CMakeFiles/micro_ros_msgs__rosidl_typesupport_c__pyext.dir/rosidl_generator_py/micro_ros_msgs/_micro_ros_msgs_s.ep.rosidl_typesupport_c.c.o[0m
[2.793s] [ 93%] [32mBuilding C object CMakeFiles/micro_ros_msgs__rosidl_typesupport_fastrtps_c__pyext.dir/rosidl_generator_py/micro_ros_msgs/_micro_ros_msgs_s.ep.rosidl_typesupport_fastrtps_c.c.o[0m
[2.794s] [ 93%] [32mBuilding C object CMakeFiles/micro_ros_msgs__rosidl_typesupport_introspection_c__pyext.dir/rosidl_generator_py/micro_ros_msgs/_micro_ros_msgs_s.ep.rosidl_typesupport_introspection_c.c.o[0m
[2.857s] [100%] [32m[1mLinking C shared library rosidl_generator_py/micro_ros_msgs/micro_ros_msgs_s__rosidl_typesupport_introspection_c.cpython-310-x86_64-linux-gnu.so[0m
[2.857s] [100%] [32m[1mLinking C shared library rosidl_generator_py/micro_ros_msgs/micro_ros_msgs_s__rosidl_typesupport_c.cpython-310-x86_64-linux-gnu.so[0m
[2.857s] [100%] [32m[1mLinking C shared library rosidl_generator_py/micro_ros_msgs/micro_ros_msgs_s__rosidl_typesupport_fastrtps_c.cpython-310-x86_64-linux-gnu.so[0m
[2.879s] [100%] Built target micro_ros_msgs__rosidl_typesupport_introspection_c__pyext
[2.879s] [100%] Built target micro_ros_msgs__rosidl_typesupport_c__pyext
[2.879s] [100%] Built target micro_ros_msgs__rosidl_typesupport_fastrtps_c__pyext
[2.888s] Invoked command in '/home/logan/uros_ws/build/micro_ros_msgs' returned '0': CMAKE_PREFIX_PATH=${CMAKE_PREFIX_PATH}:/home/logan/jupiter_ws/install/i9robot_voice:/home/logan/jupiter_ws/install/i9robot_camera:/home/logan/i9robot_ws/install/i9robot_voice:/home/logan/i9robot_ws/install/i9robot_camera:/opt/ros/humble /usr/bin/cmake --build /home/logan/uros_ws/build/micro_ros_msgs -- -j8 -l8
[2.952s] Invoking command in '/home/logan/uros_ws/build/micro_ros_msgs': CMAKE_PREFIX_PATH=${CMAKE_PREFIX_PATH}:/home/logan/jupiter_ws/install/i9robot_voice:/home/logan/jupiter_ws/install/i9robot_camera:/home/logan/i9robot_ws/install/i9robot_voice:/home/logan/i9robot_ws/install/i9robot_camera:/opt/ros/humble /usr/bin/cmake --install /home/logan/uros_ws/build/micro_ros_msgs
[2.957s] -- Install configuration: ""
[2.958s] -- Up-to-date: /home/logan/uros_ws/install/micro_ros_msgs/share/ament_index/resource_index/rosidl_interfaces/micro_ros_msgs
[2.958s] -- Up-to-date: /home/logan/uros_ws/install/micro_ros_msgs/include/micro_ros_msgs/micro_ros_msgs
[2.958s] -- Up-to-date: /home/logan/uros_ws/install/micro_ros_msgs/include/micro_ros_msgs/micro_ros_msgs/msg
[2.958s] -- Installing: /home/logan/uros_ws/install/micro_ros_msgs/include/micro_ros_msgs/micro_ros_msgs/msg/graph.h
[2.958s] -- Installing: /home/logan/uros_ws/install/micro_ros_msgs/include/micro_ros_msgs/micro_ros_msgs/msg/node.h
[2.958s] -- Up-to-date: /home/logan/uros_ws/install/micro_ros_msgs/include/micro_ros_msgs/micro_ros_msgs/msg/rosidl_generator_c__visibility_control.h
[2.958s] -- Up-to-date: /home/logan/uros_ws/install/micro_ros_msgs/include/micro_ros_msgs/micro_ros_msgs/msg/detail
[2.958s] -- Installing: /home/logan/uros_ws/install/micro_ros_msgs/include/micro_ros_msgs/micro_ros_msgs/msg/detail/entity__functions.h
[2.958s] -- Installing: /home/logan/uros_ws/install/micro_ros_msgs/include/micro_ros_msgs/micro_ros_msgs/msg/detail/graph__struct.h
[2.958s] -- Installing: /home/logan/uros_ws/install/micro_ros_msgs/include/micro_ros_msgs/micro_ros_msgs/msg/detail/graph__type_support.h
[2.958s] -- Installing: /home/logan/uros_ws/install/micro_ros_msgs/include/micro_ros_msgs/micro_ros_msgs/msg/detail/node__functions.h
[2.958s] -- Installing: /home/logan/uros_ws/install/micro_ros_msgs/include/micro_ros_msgs/micro_ros_msgs/msg/detail/entity__struct.h
[2.958s] -- Installing: /home/logan/uros_ws/install/micro_ros_msgs/include/micro_ros_msgs/micro_ros_msgs/msg/detail/node__struct.h
[2.958s] -- Installing: /home/logan/uros_ws/install/micro_ros_msgs/include/micro_ros_msgs/micro_ros_msgs/msg/detail/entity__functions.c
[2.958s] -- Installing: /home/logan/uros_ws/install/micro_ros_msgs/include/micro_ros_msgs/micro_ros_msgs/msg/detail/node__type_support.h
[2.958s] -- Installing: /home/logan/uros_ws/install/micro_ros_msgs/include/micro_ros_msgs/micro_ros_msgs/msg/detail/graph__functions.h
[2.959s] -- Installing: /home/logan/uros_ws/install/micro_ros_msgs/include/micro_ros_msgs/micro_ros_msgs/msg/detail/node__functions.c
[2.959s] -- Installing: /home/logan/uros_ws/install/micro_ros_msgs/include/micro_ros_msgs/micro_ros_msgs/msg/detail/graph__functions.c
[2.959s] -- Installing: /home/logan/uros_ws/install/micro_ros_msgs/include/micro_ros_msgs/micro_ros_msgs/msg/detail/entity__type_support.h
[2.959s] -- Installing: /home/logan/uros_ws/install/micro_ros_msgs/include/micro_ros_msgs/micro_ros_msgs/msg/entity.h
[2.959s] -- Up-to-date: /home/logan/uros_ws/install/micro_ros_msgs/share/micro_ros_msgs/environment/library_path.sh
[2.959s] -- Installing: /home/logan/uros_ws/install/micro_ros_msgs/share/micro_ros_msgs/environment/library_path.dsv
[2.959s] -- Installing: /home/logan/uros_ws/install/micro_ros_msgs/lib/libmicro_ros_msgs__rosidl_generator_c.so
[2.959s] -- Set runtime path of "/home/logan/uros_ws/install/micro_ros_msgs/lib/libmicro_ros_msgs__rosidl_generator_c.so" to ""
[2.960s] -- Up-to-date: /home/logan/uros_ws/install/micro_ros_msgs/include/micro_ros_msgs/micro_ros_msgs
[2.960s] -- Up-to-date: /home/logan/uros_ws/install/micro_ros_msgs/include/micro_ros_msgs/micro_ros_msgs/msg
[2.960s] -- Up-to-date: /home/logan/uros_ws/install/micro_ros_msgs/include/micro_ros_msgs/micro_ros_msgs/msg/rosidl_typesupport_fastrtps_c__visibility_control.h
[2.960s] -- Up-to-date: /home/logan/uros_ws/install/micro_ros_msgs/include/micro_ros_msgs/micro_ros_msgs/msg/detail
[2.960s] -- Installing: /home/logan/uros_ws/install/micro_ros_msgs/include/micro_ros_msgs/micro_ros_msgs/msg/detail/node__rosidl_typesupport_fastrtps_c.h
[2.960s] -- Installing: /home/logan/uros_ws/install/micro_ros_msgs/include/micro_ros_msgs/micro_ros_msgs/msg/detail/entity__rosidl_typesupport_fastrtps_c.h
[2.960s] -- Installing: /home/logan/uros_ws/install/micro_ros_msgs/include/micro_ros_msgs/micro_ros_msgs/msg/detail/graph__rosidl_typesupport_fastrtps_c.h
[2.960s] -- Installing: /home/logan/uros_ws/install/micro_ros_msgs/lib/libmicro_ros_msgs__rosidl_typesupport_fastrtps_c.so
[2.960s] -- Set runtime path of "/home/logan/uros_ws/install/micro_ros_msgs/lib/libmicro_ros_msgs__rosidl_typesupport_fastrtps_c.so" to ""
[2.961s] -- Up-to-date: /home/logan/uros_ws/install/micro_ros_msgs/include/micro_ros_msgs/micro_ros_msgs
[2.961s] -- Up-to-date: /home/logan/uros_ws/install/micro_ros_msgs/include/micro_ros_msgs/micro_ros_msgs/msg
[2.961s] -- Up-to-date: /home/logan/uros_ws/install/micro_ros_msgs/include/micro_ros_msgs/micro_ros_msgs/msg/detail
[2.961s] -- Installing: /home/logan/uros_ws/install/micro_ros_msgs/include/micro_ros_msgs/micro_ros_msgs/msg/detail/entity__rosidl_typesupport_introspection_c.h
[2.961s] -- Installing: /home/logan/uros_ws/install/micro_ros_msgs/include/micro_ros_msgs/micro_ros_msgs/msg/detail/node__type_support.c
[2.961s] -- Installing: /home/logan/uros_ws/install/micro_ros_msgs/include/micro_ros_msgs/micro_ros_msgs/msg/detail/node__rosidl_typesupport_introspection_c.h
[2.961s] -- Installing: /home/logan/uros_ws/install/micro_ros_msgs/include/micro_ros_msgs/micro_ros_msgs/msg/detail/graph__rosidl_typesupport_introspection_c.h
[2.961s] -- Installing: /home/logan/uros_ws/install/micro_ros_msgs/include/micro_ros_msgs/micro_ros_msgs/msg/detail/entity__type_support.c
[2.961s] -- Installing: /home/logan/uros_ws/install/micro_ros_msgs/include/micro_ros_msgs/micro_ros_msgs/msg/detail/graph__type_support.c
[2.961s] -- Up-to-date: /home/logan/uros_ws/install/micro_ros_msgs/include/micro_ros_msgs/micro_ros_msgs/msg/rosidl_typesupport_introspection_c__visibility_control.h
[2.962s] -- Installing: /home/logan/uros_ws/install/micro_ros_msgs/lib/libmicro_ros_msgs__rosidl_typesupport_introspection_c.so
[2.962s] -- Set runtime path of "/home/logan/uros_ws/install/micro_ros_msgs/lib/libmicro_ros_msgs__rosidl_typesupport_introspection_c.so" to ""
[2.962s] -- Installing: /home/logan/uros_ws/install/micro_ros_msgs/lib/libmicro_ros_msgs__rosidl_typesupport_c.so
[2.962s] -- Set runtime path of "/home/logan/uros_ws/install/micro_ros_msgs/lib/libmicro_ros_msgs__rosidl_typesupport_c.so" to ""
[2.962s] -- Up-to-date: /home/logan/uros_ws/install/micro_ros_msgs/include/micro_ros_msgs/micro_ros_msgs
[2.962s] -- Up-to-date: /home/logan/uros_ws/install/micro_ros_msgs/include/micro_ros_msgs/micro_ros_msgs/msg
[2.962s] -- Installing: /home/logan/uros_ws/install/micro_ros_msgs/include/micro_ros_msgs/micro_ros_msgs/msg/entity.hpp
[2.963s] -- Installing: /home/logan/uros_ws/install/micro_ros_msgs/include/micro_ros_msgs/micro_ros_msgs/msg/node.hpp
[2.963s] -- Installing: /home/logan/uros_ws/install/micro_ros_msgs/include/micro_ros_msgs/micro_ros_msgs/msg/graph.hpp
[2.963s] -- Up-to-date: /home/logan/uros_ws/install/micro_ros_msgs/include/micro_ros_msgs/micro_ros_msgs/msg/detail
[2.963s] -- Installing: /home/logan/uros_ws/install/micro_ros_msgs/include/micro_ros_msgs/micro_ros_msgs/msg/detail/graph__struct.hpp
[2.963s] -- Installing: /home/logan/uros_ws/install/micro_ros_msgs/include/micro_ros_msgs/micro_ros_msgs/msg/detail/node__builder.hpp
[2.963s] -- Installing: /home/logan/uros_ws/install/micro_ros_msgs/include/micro_ros_msgs/micro_ros_msgs/msg/detail/entity__traits.hpp
[2.963s] -- Installing: /home/logan/uros_ws/install/micro_ros_msgs/include/micro_ros_msgs/micro_ros_msgs/msg/detail/graph__traits.hpp
[2.963s] -- Installing: /home/logan/uros_ws/install/micro_ros_msgs/include/micro_ros_msgs/micro_ros_msgs/msg/detail/graph__builder.hpp
[2.963s] -- Installing: /home/logan/uros_ws/install/micro_ros_msgs/include/micro_ros_msgs/micro_ros_msgs/msg/detail/entity__builder.hpp
[2.963s] -- Installing: /home/logan/uros_ws/install/micro_ros_msgs/include/micro_ros_msgs/micro_ros_msgs/msg/detail/entity__struct.hpp
[2.963s] -- Installing: /home/logan/uros_ws/install/micro_ros_msgs/include/micro_ros_msgs/micro_ros_msgs/msg/detail/node__traits.hpp
[2.963s] -- Installing: /home/logan/uros_ws/install/micro_ros_msgs/include/micro_ros_msgs/micro_ros_msgs/msg/detail/node__struct.hpp
[2.963s] -- Up-to-date: /home/logan/uros_ws/install/micro_ros_msgs/include/micro_ros_msgs/micro_ros_msgs
[2.963s] -- Up-to-date: /home/logan/uros_ws/install/micro_ros_msgs/include/micro_ros_msgs/micro_ros_msgs/msg
[2.963s] -- Up-to-date: /home/logan/uros_ws/install/micro_ros_msgs/include/micro_ros_msgs/micro_ros_msgs/msg/detail
[2.963s] -- Installing: /home/logan/uros_ws/install/micro_ros_msgs/include/micro_ros_msgs/micro_ros_msgs/msg/detail/entity__rosidl_typesupport_fastrtps_cpp.hpp
[2.964s] -- Up-to-date: /home/logan/uros_ws/install/micro_ros_msgs/include/micro_ros_msgs/micro_ros_msgs/msg/detail/dds_fastrtps
[2.964s] -- Installing: /home/logan/uros_ws/install/micro_ros_msgs/include/micro_ros_msgs/micro_ros_msgs/msg/detail/node__rosidl_typesupport_fastrtps_cpp.hpp
[2.964s] -- Installing: /home/logan/uros_ws/install/micro_ros_msgs/include/micro_ros_msgs/micro_ros_msgs/msg/detail/graph__rosidl_typesupport_fastrtps_cpp.hpp
[2.964s] -- Up-to-date: /home/logan/uros_ws/install/micro_ros_msgs/include/micro_ros_msgs/micro_ros_msgs/msg/rosidl_typesupport_fastrtps_cpp__visibility_control.h
[2.964s] -- Installing: /home/logan/uros_ws/install/micro_ros_msgs/lib/libmicro_ros_msgs__rosidl_typesupport_fastrtps_cpp.so
[2.964s] -- Set runtime path of "/home/logan/uros_ws/install/micro_ros_msgs/lib/libmicro_ros_msgs__rosidl_typesupport_fastrtps_cpp.so" to ""
[2.964s] -- Up-to-date: /home/logan/uros_ws/install/micro_ros_msgs/include/micro_ros_msgs/micro_ros_msgs
[2.964s] -- Up-to-date: /home/logan/uros_ws/install/micro_ros_msgs/include/micro_ros_msgs/micro_ros_msgs/msg
[2.964s] -- Up-to-date: /home/logan/uros_ws/install/micro_ros_msgs/include/micro_ros_msgs/micro_ros_msgs/msg/detail
[2.964s] -- Installing: /home/logan/uros_ws/install/micro_ros_msgs/include/micro_ros_msgs/micro_ros_msgs/msg/detail/node__type_support.cpp
[2.964s] -- Installing: /home/logan/uros_ws/install/micro_ros_msgs/include/micro_ros_msgs/micro_ros_msgs/msg/detail/entity__rosidl_typesupport_introspection_cpp.hpp
[2.964s] -- Installing: /home/logan/uros_ws/install/micro_ros_msgs/include/micro_ros_msgs/micro_ros_msgs/msg/detail/node__rosidl_typesupport_introspection_cpp.hpp
[2.965s] -- Installing: /home/logan/uros_ws/install/micro_ros_msgs/include/micro_ros_msgs/micro_ros_msgs/msg/detail/entity__type_support.cpp
[2.965s] -- Installing: /home/logan/uros_ws/install/micro_ros_msgs/include/micro_ros_msgs/micro_ros_msgs/msg/detail/graph__type_support.cpp
[2.965s] -- Installing: /home/logan/uros_ws/install/micro_ros_msgs/include/micro_ros_msgs/micro_ros_msgs/msg/detail/graph__rosidl_typesupport_introspection_cpp.hpp
[2.965s] -- Installing: /home/logan/uros_ws/install/micro_ros_msgs/lib/libmicro_ros_msgs__rosidl_typesupport_introspection_cpp.so
[2.965s] -- Set runtime path of "/home/logan/uros_ws/install/micro_ros_msgs/lib/libmicro_ros_msgs__rosidl_typesupport_introspection_cpp.so" to ""
[2.966s] -- Installing: /home/logan/uros_ws/install/micro_ros_msgs/lib/libmicro_ros_msgs__rosidl_typesupport_cpp.so
[2.966s] -- Set runtime path of "/home/logan/uros_ws/install/micro_ros_msgs/lib/libmicro_ros_msgs__rosidl_typesupport_cpp.so" to ""
[2.966s] -- Up-to-date: /home/logan/uros_ws/install/micro_ros_msgs/share/micro_ros_msgs/environment/pythonpath.sh
[2.966s] -- Installing: /home/logan/uros_ws/install/micro_ros_msgs/share/micro_ros_msgs/environment/pythonpath.dsv
[2.966s] -- Up-to-date: /home/logan/uros_ws/install/micro_ros_msgs/local/lib/python3.10/dist-packages/micro_ros_msgs-1.0.0-py3.10.egg-info
[2.966s] -- Installing: /home/logan/uros_ws/install/micro_ros_msgs/local/lib/python3.10/dist-packages/micro_ros_msgs-1.0.0-py3.10.egg-info/PKG-INFO
[2.966s] -- Installing: /home/logan/uros_ws/install/micro_ros_msgs/local/lib/python3.10/dist-packages/micro_ros_msgs-1.0.0-py3.10.egg-info/top_level.txt
[2.966s] -- Installing: /home/logan/uros_ws/install/micro_ros_msgs/local/lib/python3.10/dist-packages/micro_ros_msgs-1.0.0-py3.10.egg-info/SOURCES.txt
[2.966s] -- Installing: /home/logan/uros_ws/install/micro_ros_msgs/local/lib/python3.10/dist-packages/micro_ros_msgs-1.0.0-py3.10.egg-info/dependency_links.txt
[2.966s] -- Up-to-date: /home/logan/uros_ws/install/micro_ros_msgs/local/lib/python3.10/dist-packages/micro_ros_msgs
[2.966s] -- Up-to-date: /home/logan/uros_ws/install/micro_ros_msgs/local/lib/python3.10/dist-packages/micro_ros_msgs/msg
[2.966s] -- Up-to-date: /home/logan/uros_ws/install/micro_ros_msgs/local/lib/python3.10/dist-packages/micro_ros_msgs/msg/_graph_s.c
[2.966s] -- Up-to-date: /home/logan/uros_ws/install/micro_ros_msgs/local/lib/python3.10/dist-packages/micro_ros_msgs/msg/_entity.py
[2.967s] -- Up-to-date: /home/logan/uros_ws/install/micro_ros_msgs/local/lib/python3.10/dist-packages/micro_ros_msgs/msg/_entity_s.c
[2.967s] -- Up-to-date: /home/logan/uros_ws/install/micro_ros_msgs/local/lib/python3.10/dist-packages/micro_ros_msgs/msg/_graph.py
[2.967s] -- Up-to-date: /home/logan/uros_ws/install/micro_ros_msgs/local/lib/python3.10/dist-packages/micro_ros_msgs/msg/_node_s.c
[2.967s] -- Up-to-date: /home/logan/uros_ws/install/micro_ros_msgs/local/lib/python3.10/dist-packages/micro_ros_msgs/msg/_node.py
[2.967s] -- Up-to-date: /home/logan/uros_ws/install/micro_ros_msgs/local/lib/python3.10/dist-packages/micro_ros_msgs/msg/__init__.py
[2.967s] -- Installing: /home/logan/uros_ws/install/micro_ros_msgs/local/lib/python3.10/dist-packages/micro_ros_msgs/micro_ros_msgs_s__rosidl_typesupport_introspection_c.cpython-310-x86_64-linux-gnu.so
[2.967s] -- Installing: /home/logan/uros_ws/install/micro_ros_msgs/local/lib/python3.10/dist-packages/micro_ros_msgs/libmicro_ros_msgs__rosidl_generator_py.so
[2.967s] -- Up-to-date: /home/logan/uros_ws/install/micro_ros_msgs/local/lib/python3.10/dist-packages/micro_ros_msgs/_micro_ros_msgs_s.ep.rosidl_typesupport_c.c
[2.967s] -- Up-to-date: /home/logan/uros_ws/install/micro_ros_msgs/local/lib/python3.10/dist-packages/micro_ros_msgs/_micro_ros_msgs_s.ep.rosidl_typesupport_introspection_c.c
[2.967s] -- Installing: /home/logan/uros_ws/install/micro_ros_msgs/local/lib/python3.10/dist-packages/micro_ros_msgs/micro_ros_msgs_s__rosidl_typesupport_fastrtps_c.cpython-310-x86_64-linux-gnu.so
[2.967s] -- Installing: /home/logan/uros_ws/install/micro_ros_msgs/local/lib/python3.10/dist-packages/micro_ros_msgs/micro_ros_msgs_s__rosidl_typesupport_c.cpython-310-x86_64-linux-gnu.so
[2.967s] -- Installing: /home/logan/uros_ws/install/micro_ros_msgs/local/lib/python3.10/dist-packages/micro_ros_msgs/__init__.py
[2.967s] -- Up-to-date: /home/logan/uros_ws/install/micro_ros_msgs/local/lib/python3.10/dist-packages/micro_ros_msgs/_micro_ros_msgs_s.ep.rosidl_typesupport_fastrtps_c.c
[2.990s] Listing '/home/logan/uros_ws/install/micro_ros_msgs/local/lib/python3.10/dist-packages/micro_ros_msgs'...
[2.990s] Compiling '/home/logan/uros_ws/install/micro_ros_msgs/local/lib/python3.10/dist-packages/micro_ros_msgs/__init__.py'...
[2.990s] Listing '/home/logan/uros_ws/install/micro_ros_msgs/local/lib/python3.10/dist-packages/micro_ros_msgs/msg'...
[2.993s] -- Installing: /home/logan/uros_ws/install/micro_ros_msgs/local/lib/python3.10/dist-packages/micro_ros_msgs/micro_ros_msgs_s__rosidl_typesupport_fastrtps_c.cpython-310-x86_64-linux-gnu.so
[2.993s] -- Set runtime path of "/home/logan/uros_ws/install/micro_ros_msgs/local/lib/python3.10/dist-packages/micro_ros_msgs/micro_ros_msgs_s__rosidl_typesupport_fastrtps_c.cpython-310-x86_64-linux-gnu.so" to ""
[2.993s] -- Installing: /home/logan/uros_ws/install/micro_ros_msgs/local/lib/python3.10/dist-packages/micro_ros_msgs/micro_ros_msgs_s__rosidl_typesupport_introspection_c.cpython-310-x86_64-linux-gnu.so
[2.993s] -- Set runtime path of "/home/logan/uros_ws/install/micro_ros_msgs/local/lib/python3.10/dist-packages/micro_ros_msgs/micro_ros_msgs_s__rosidl_typesupport_introspection_c.cpython-310-x86_64-linux-gnu.so" to ""
[2.993s] -- Installing: /home/logan/uros_ws/install/micro_ros_msgs/local/lib/python3.10/dist-packages/micro_ros_msgs/micro_ros_msgs_s__rosidl_typesupport_c.cpython-310-x86_64-linux-gnu.so
[2.994s] -- Set runtime path of "/home/logan/uros_ws/install/micro_ros_msgs/local/lib/python3.10/dist-packages/micro_ros_msgs/micro_ros_msgs_s__rosidl_typesupport_c.cpython-310-x86_64-linux-gnu.so" to ""
[2.994s] -- Installing: /home/logan/uros_ws/install/micro_ros_msgs/lib/libmicro_ros_msgs__rosidl_generator_py.so
[2.994s] -- Set runtime path of "/home/logan/uros_ws/install/micro_ros_msgs/lib/libmicro_ros_msgs__rosidl_generator_py.so" to ""
[2.994s] -- Up-to-date: /home/logan/uros_ws/install/micro_ros_msgs/share/micro_ros_msgs/msg/Graph.idl
[2.994s] -- Up-to-date: /home/logan/uros_ws/install/micro_ros_msgs/share/micro_ros_msgs/msg/Node.idl
[2.995s] -- Up-to-date: /home/logan/uros_ws/install/micro_ros_msgs/share/micro_ros_msgs/msg/Entity.idl
[2.995s] -- Up-to-date: /home/logan/uros_ws/install/micro_ros_msgs/share/micro_ros_msgs/msg/Graph.msg
[2.995s] -- Up-to-date: /home/logan/uros_ws/install/micro_ros_msgs/share/micro_ros_msgs/msg/Node.msg
[2.995s] -- Up-to-date: /home/logan/uros_ws/install/micro_ros_msgs/share/micro_ros_msgs/msg/Entity.msg
[2.995s] -- Up-to-date: /home/logan/uros_ws/install/micro_ros_msgs/share/ament_index/resource_index/package_run_dependencies/micro_ros_msgs
[2.995s] -- Installing: /home/logan/uros_ws/install/micro_ros_msgs/share/ament_index/resource_index/parent_prefix_path/micro_ros_msgs
[2.995s] -- Installing: /home/logan/uros_ws/install/micro_ros_msgs/share/micro_ros_msgs/environment/ament_prefix_path.sh
[2.995s] -- Installing: /home/logan/uros_ws/install/micro_ros_msgs/share/micro_ros_msgs/environment/ament_prefix_path.dsv
[2.995s] -- Installing: /home/logan/uros_ws/install/micro_ros_msgs/share/micro_ros_msgs/environment/path.sh
[2.995s] -- Installing: /home/logan/uros_ws/install/micro_ros_msgs/share/micro_ros_msgs/environment/path.dsv
[2.995s] -- Up-to-date: /home/logan/uros_ws/install/micro_ros_msgs/share/micro_ros_msgs/local_setup.bash
[2.995s] -- Up-to-date: /home/logan/uros_ws/install/micro_ros_msgs/share/micro_ros_msgs/local_setup.sh
[2.995s] -- Up-to-date: /home/logan/uros_ws/install/micro_ros_msgs/share/micro_ros_msgs/local_setup.zsh
[2.995s] -- Installing: /home/logan/uros_ws/install/micro_ros_msgs/share/micro_ros_msgs/local_setup.dsv
[2.995s] -- Installing: /home/logan/uros_ws/install/micro_ros_msgs/share/micro_ros_msgs/package.dsv
[2.995s] -- Up-to-date: /home/logan/uros_ws/install/micro_ros_msgs/share/ament_index/resource_index/packages/micro_ros_msgs
[2.996s] -- Up-to-date: /home/logan/uros_ws/install/micro_ros_msgs/share/micro_ros_msgs/cmake/export_micro_ros_msgs__rosidl_generator_cExport.cmake
[2.996s] -- Up-to-date: /home/logan/uros_ws/install/micro_ros_msgs/share/micro_ros_msgs/cmake/export_micro_ros_msgs__rosidl_generator_cExport-noconfig.cmake
[2.996s] -- Up-to-date: /home/logan/uros_ws/install/micro_ros_msgs/share/micro_ros_msgs/cmake/export_micro_ros_msgs__rosidl_typesupport_fastrtps_cExport.cmake
[2.996s] -- Up-to-date: /home/logan/uros_ws/install/micro_ros_msgs/share/micro_ros_msgs/cmake/export_micro_ros_msgs__rosidl_typesupport_fastrtps_cExport-noconfig.cmake
[2.996s] -- Up-to-date: /home/logan/uros_ws/install/micro_ros_msgs/share/micro_ros_msgs/cmake/micro_ros_msgs__rosidl_typesupport_introspection_cExport.cmake
[2.996s] -- Up-to-date: /home/logan/uros_ws/install/micro_ros_msgs/share/micro_ros_msgs/cmake/micro_ros_msgs__rosidl_typesupport_introspection_cExport-noconfig.cmake
[2.996s] -- Up-to-date: /home/logan/uros_ws/install/micro_ros_msgs/share/micro_ros_msgs/cmake/micro_ros_msgs__rosidl_typesupport_cExport.cmake
[2.996s] -- Up-to-date: /home/logan/uros_ws/install/micro_ros_msgs/share/micro_ros_msgs/cmake/micro_ros_msgs__rosidl_typesupport_cExport-noconfig.cmake
[2.996s] -- Up-to-date: /home/logan/uros_ws/install/micro_ros_msgs/share/micro_ros_msgs/cmake/export_micro_ros_msgs__rosidl_generator_cppExport.cmake
[2.997s] -- Up-to-date: /home/logan/uros_ws/install/micro_ros_msgs/share/micro_ros_msgs/cmake/export_micro_ros_msgs__rosidl_typesupport_fastrtps_cppExport.cmake
[2.997s] -- Up-to-date: /home/logan/uros_ws/install/micro_ros_msgs/share/micro_ros_msgs/cmake/export_micro_ros_msgs__rosidl_typesupport_fastrtps_cppExport-noconfig.cmake
[2.997s] -- Up-to-date: /home/logan/uros_ws/install/micro_ros_msgs/share/micro_ros_msgs/cmake/micro_ros_msgs__rosidl_typesupport_introspection_cppExport.cmake
[2.997s] -- Up-to-date: /home/logan/uros_ws/install/micro_ros_msgs/share/micro_ros_msgs/cmake/micro_ros_msgs__rosidl_typesupport_introspection_cppExport-noconfig.cmake
[2.997s] -- Up-to-date: /home/logan/uros_ws/install/micro_ros_msgs/share/micro_ros_msgs/cmake/micro_ros_msgs__rosidl_typesupport_cppExport.cmake
[2.997s] -- Up-to-date: /home/logan/uros_ws/install/micro_ros_msgs/share/micro_ros_msgs/cmake/micro_ros_msgs__rosidl_typesupport_cppExport-noconfig.cmake
[2.997s] -- Up-to-date: /home/logan/uros_ws/install/micro_ros_msgs/share/micro_ros_msgs/cmake/export_micro_ros_msgs__rosidl_generator_pyExport.cmake
[2.997s] -- Up-to-date: /home/logan/uros_ws/install/micro_ros_msgs/share/micro_ros_msgs/cmake/export_micro_ros_msgs__rosidl_generator_pyExport-noconfig.cmake
[2.997s] -- Up-to-date: /home/logan/uros_ws/install/micro_ros_msgs/share/micro_ros_msgs/cmake/rosidl_cmake-extras.cmake
[2.997s] -- Up-to-date: /home/logan/uros_ws/install/micro_ros_msgs/share/micro_ros_msgs/cmake/ament_cmake_export_include_directories-extras.cmake
[2.997s] -- Up-to-date: /home/logan/uros_ws/install/micro_ros_msgs/share/micro_ros_msgs/cmake/ament_cmake_export_libraries-extras.cmake
[2.997s] -- Up-to-date: /home/logan/uros_ws/install/micro_ros_msgs/share/micro_ros_msgs/cmake/ament_cmake_export_targets-extras.cmake
[2.997s] -- Up-to-date: /home/logan/uros_ws/install/micro_ros_msgs/share/micro_ros_msgs/cmake/rosidl_cmake_export_typesupport_targets-extras.cmake
[2.997s] -- Up-to-date: /home/logan/uros_ws/install/micro_ros_msgs/share/micro_ros_msgs/cmake/ament_cmake_export_dependencies-extras.cmake
[2.997s] -- Up-to-date: /home/logan/uros_ws/install/micro_ros_msgs/share/micro_ros_msgs/cmake/rosidl_cmake_export_typesupport_libraries-extras.cmake
[2.997s] -- Up-to-date: /home/logan/uros_ws/install/micro_ros_msgs/share/micro_ros_msgs/cmake/micro_ros_msgsConfig.cmake
[2.997s] -- Up-to-date: /home/logan/uros_ws/install/micro_ros_msgs/share/micro_ros_msgs/cmake/micro_ros_msgsConfig-version.cmake
[2.998s] -- Up-to-date: /home/logan/uros_ws/install/micro_ros_msgs/share/micro_ros_msgs/package.xml
[2.999s] Invoked command in '/home/logan/uros_ws/build/micro_ros_msgs' returned '0': CMAKE_PREFIX_PATH=${CMAKE_PREFIX_PATH}:/home/logan/jupiter_ws/install/i9robot_voice:/home/logan/jupiter_ws/install/i9robot_camera:/home/logan/i9robot_ws/install/i9robot_voice:/home/logan/i9robot_ws/install/i9robot_camera:/opt/ros/humble /usr/bin/cmake --install /home/logan/uros_ws/build/micro_ros_msgs
