[0.825s] DEBUG:colcon:Command line arguments: ['/usr/bin/colcon', 'build']
[0.826s] DEBUG:colcon:Parsed command line arguments: Namespace(log_base=None, log_level=None, verb_name='build', build_base='build', install_base='install', merge_install=False, symlink_install=False, test_result_base=None, continue_on_error=False, executor='parallel', parallel_workers=8, event_handlers=None, ignore_user_meta=False, metas=['./colcon.meta'], base_paths=['.'], packages_ignore=None, packages_ignore_regex=None, paths=None, packages_up_to=None, packages_up_to_regex=None, packages_above=None, packages_above_and_dependencies=None, packages_above_depth=None, packages_select_by_dep=None, packages_skip_by_dep=None, packages_skip_up_to=None, packages_select_build_failed=False, packages_skip_build_finished=False, packages_select_test_failures=False, packages_skip_test_passed=False, packages_select=None, packages_skip=None, packages_select_regex=None, packages_skip_regex=None, packages_start=None, packages_end=None, allow_overriding=[], cmake_args=None, cmake_target=None, cmake_target_skip_unavailable=False, cmake_clean_cache=False, cmake_clean_first=False, cmake_force_configure=False, ament_cmake_args=None, catkin_cmake_args=None, catkin_skip_building_tests=False, verb_parser=<colcon_defaults.argument_parser.defaults.DefaultArgumentsDecorator object at 0x7ff8f9a8d840>, verb_extension=<colcon_core.verb.build.BuildVerb object at 0x7ff8f9a8ecb0>, main=<bound method BuildVerb.main of <colcon_core.verb.build.BuildVerb object at 0x7ff8f9a8ecb0>>)
[0.859s] Level 1:colcon.colcon_core.package_discovery:discover_packages(colcon_meta) check parameters
[0.859s] Level 1:colcon.colcon_core.package_discovery:discover_packages(recursive) check parameters
[0.859s] Level 1:colcon.colcon_core.package_discovery:discover_packages(ignore) check parameters
[0.859s] Level 1:colcon.colcon_core.package_discovery:discover_packages(path) check parameters
[0.859s] Level 1:colcon.colcon_core.package_discovery:discover_packages(colcon_meta) discover
[0.859s] Level 1:colcon.colcon_core.package_discovery:discover_packages(recursive) discover
[0.859s] INFO:colcon.colcon_core.package_discovery:Crawling recursively for packages in '/home/logan/uros_ws'
[0.859s] Level 1:colcon.colcon_core.package_identification:_identify(.) by extensions ['ignore', 'ignore_ament_install']
[0.859s] Level 1:colcon.colcon_core.package_identification:_identify(.) by extension 'ignore'
[0.859s] Level 1:colcon.colcon_core.package_identification:_identify(.) by extension 'ignore_ament_install'
[0.859s] Level 1:colcon.colcon_core.package_identification:_identify(.) by extensions ['colcon_pkg']
[0.859s] Level 1:colcon.colcon_core.package_identification:_identify(.) by extension 'colcon_pkg'
[0.859s] Level 1:colcon.colcon_core.package_identification:_identify(.) by extensions ['colcon_meta']
[0.859s] Level 1:colcon.colcon_core.package_identification:_identify(.) by extension 'colcon_meta'
[0.859s] Level 1:colcon.colcon_core.package_identification:_identify(.) by extensions ['ros']
[0.859s] Level 1:colcon.colcon_core.package_identification:_identify(.) by extension 'ros'
[0.866s] Level 1:colcon.colcon_core.package_identification:_identify(.) by extensions ['cmake', 'python']
[0.866s] Level 1:colcon.colcon_core.package_identification:_identify(.) by extension 'cmake'
[0.866s] Level 1:colcon.colcon_core.package_identification:_identify(.) by extension 'python'
[0.866s] Level 1:colcon.colcon_core.package_identification:_identify(.) by extensions ['python_setup_py']
[0.866s] Level 1:colcon.colcon_core.package_identification:_identify(.) by extension 'python_setup_py'
[0.866s] Level 1:colcon.colcon_core.package_identification:_identify(build) by extensions ['ignore', 'ignore_ament_install']
[0.866s] Level 1:colcon.colcon_core.package_identification:_identify(build) by extension 'ignore'
[0.866s] Level 1:colcon.colcon_core.package_identification:_identify(build) ignored
[0.866s] Level 1:colcon.colcon_core.package_identification:_identify(install) by extensions ['ignore', 'ignore_ament_install']
[0.866s] Level 1:colcon.colcon_core.package_identification:_identify(install) by extension 'ignore'
[0.866s] Level 1:colcon.colcon_core.package_identification:_identify(install) ignored
[0.866s] Level 1:colcon.colcon_core.package_identification:_identify(log) by extensions ['ignore', 'ignore_ament_install']
[0.866s] Level 1:colcon.colcon_core.package_identification:_identify(log) by extension 'ignore'
[0.866s] Level 1:colcon.colcon_core.package_identification:_identify(log) ignored
[0.867s] Level 1:colcon.colcon_core.package_identification:_identify(src) by extensions ['ignore', 'ignore_ament_install']
[0.867s] Level 1:colcon.colcon_core.package_identification:_identify(src) by extension 'ignore'
[0.867s] Level 1:colcon.colcon_core.package_identification:_identify(src) by extension 'ignore_ament_install'
[0.867s] Level 1:colcon.colcon_core.package_identification:_identify(src) by extensions ['colcon_pkg']
[0.867s] Level 1:colcon.colcon_core.package_identification:_identify(src) by extension 'colcon_pkg'
[0.867s] Level 1:colcon.colcon_core.package_identification:_identify(src) by extensions ['colcon_meta']
[0.867s] Level 1:colcon.colcon_core.package_identification:_identify(src) by extension 'colcon_meta'
[0.867s] Level 1:colcon.colcon_core.package_identification:_identify(src) by extensions ['ros']
[0.867s] Level 1:colcon.colcon_core.package_identification:_identify(src) by extension 'ros'
[0.867s] Level 1:colcon.colcon_core.package_identification:_identify(src) by extensions ['cmake', 'python']
[0.867s] Level 1:colcon.colcon_core.package_identification:_identify(src) by extension 'cmake'
[0.867s] Level 1:colcon.colcon_core.package_identification:_identify(src) by extension 'python'
[0.867s] Level 1:colcon.colcon_core.package_identification:_identify(src) by extensions ['python_setup_py']
[0.867s] Level 1:colcon.colcon_core.package_identification:_identify(src) by extension 'python_setup_py'
[0.867s] Level 1:colcon.colcon_core.package_identification:_identify(src/micro_ros_setup) by extensions ['ignore', 'ignore_ament_install']
[0.867s] Level 1:colcon.colcon_core.package_identification:_identify(src/micro_ros_setup) by extension 'ignore'
[0.867s] Level 1:colcon.colcon_core.package_identification:_identify(src/micro_ros_setup) by extension 'ignore_ament_install'
[0.867s] Level 1:colcon.colcon_core.package_identification:_identify(src/micro_ros_setup) by extensions ['colcon_pkg']
[0.867s] Level 1:colcon.colcon_core.package_identification:_identify(src/micro_ros_setup) by extension 'colcon_pkg'
[0.867s] Level 1:colcon.colcon_core.package_identification:_identify(src/micro_ros_setup) by extensions ['colcon_meta']
[0.867s] Level 1:colcon.colcon_core.package_identification:_identify(src/micro_ros_setup) by extension 'colcon_meta'
[0.867s] Level 1:colcon.colcon_core.package_identification:_identify(src/micro_ros_setup) by extensions ['ros']
[0.867s] Level 1:colcon.colcon_core.package_identification:_identify(src/micro_ros_setup) by extension 'ros'
[0.869s] DEBUG:colcon.colcon_core.package_identification:Package 'src/micro_ros_setup' with type 'ros.ament_cmake' and name 'micro_ros_setup'
[0.869s] Level 1:colcon.colcon_core.package_identification:_identify(src/uros) by extensions ['ignore', 'ignore_ament_install']
[0.869s] Level 1:colcon.colcon_core.package_identification:_identify(src/uros) by extension 'ignore'
[0.870s] Level 1:colcon.colcon_core.package_identification:_identify(src/uros) by extension 'ignore_ament_install'
[0.870s] Level 1:colcon.colcon_core.package_identification:_identify(src/uros) by extensions ['colcon_pkg']
[0.870s] Level 1:colcon.colcon_core.package_identification:_identify(src/uros) by extension 'colcon_pkg'
[0.870s] Level 1:colcon.colcon_core.package_identification:_identify(src/uros) by extensions ['colcon_meta']
[0.870s] Level 1:colcon.colcon_core.package_identification:_identify(src/uros) by extension 'colcon_meta'
[0.870s] Level 1:colcon.colcon_core.package_identification:_identify(src/uros) by extensions ['ros']
[0.870s] Level 1:colcon.colcon_core.package_identification:_identify(src/uros) by extension 'ros'
[0.870s] Level 1:colcon.colcon_core.package_identification:_identify(src/uros) by extensions ['cmake', 'python']
[0.870s] Level 1:colcon.colcon_core.package_identification:_identify(src/uros) by extension 'cmake'
[0.870s] Level 1:colcon.colcon_core.package_identification:_identify(src/uros) by extension 'python'
[0.870s] Level 1:colcon.colcon_core.package_identification:_identify(src/uros) by extensions ['python_setup_py']
[0.870s] Level 1:colcon.colcon_core.package_identification:_identify(src/uros) by extension 'python_setup_py'
[0.870s] Level 1:colcon.colcon_core.package_identification:_identify(src/uros/micro-ROS-Agent) by extensions ['ignore', 'ignore_ament_install']
[0.870s] Level 1:colcon.colcon_core.package_identification:_identify(src/uros/micro-ROS-Agent) by extension 'ignore'
[0.870s] Level 1:colcon.colcon_core.package_identification:_identify(src/uros/micro-ROS-Agent) by extension 'ignore_ament_install'
[0.870s] Level 1:colcon.colcon_core.package_identification:_identify(src/uros/micro-ROS-Agent) by extensions ['colcon_pkg']
[0.870s] Level 1:colcon.colcon_core.package_identification:_identify(src/uros/micro-ROS-Agent) by extension 'colcon_pkg'
[0.870s] Level 1:colcon.colcon_core.package_identification:_identify(src/uros/micro-ROS-Agent) by extensions ['colcon_meta']
[0.870s] Level 1:colcon.colcon_core.package_identification:_identify(src/uros/micro-ROS-Agent) by extension 'colcon_meta'
[0.870s] Level 1:colcon.colcon_core.package_identification:_identify(src/uros/micro-ROS-Agent) by extensions ['ros']
[0.870s] Level 1:colcon.colcon_core.package_identification:_identify(src/uros/micro-ROS-Agent) by extension 'ros'
[0.870s] Level 1:colcon.colcon_core.package_identification:_identify(src/uros/micro-ROS-Agent) by extensions ['cmake', 'python']
[0.870s] Level 1:colcon.colcon_core.package_identification:_identify(src/uros/micro-ROS-Agent) by extension 'cmake'
[0.870s] Level 1:colcon.colcon_core.package_identification:_identify(src/uros/micro-ROS-Agent) by extension 'python'
[0.870s] Level 1:colcon.colcon_core.package_identification:_identify(src/uros/micro-ROS-Agent) by extensions ['python_setup_py']
[0.870s] Level 1:colcon.colcon_core.package_identification:_identify(src/uros/micro-ROS-Agent) by extension 'python_setup_py'
[0.871s] Level 1:colcon.colcon_core.package_identification:_identify(src/uros/micro-ROS-Agent/micro_ros_agent) by extensions ['ignore', 'ignore_ament_install']
[0.871s] Level 1:colcon.colcon_core.package_identification:_identify(src/uros/micro-ROS-Agent/micro_ros_agent) by extension 'ignore'
[0.871s] Level 1:colcon.colcon_core.package_identification:_identify(src/uros/micro-ROS-Agent/micro_ros_agent) by extension 'ignore_ament_install'
[0.871s] Level 1:colcon.colcon_core.package_identification:_identify(src/uros/micro-ROS-Agent/micro_ros_agent) by extensions ['colcon_pkg']
[0.871s] Level 1:colcon.colcon_core.package_identification:_identify(src/uros/micro-ROS-Agent/micro_ros_agent) by extension 'colcon_pkg'
[0.871s] Level 1:colcon.colcon_core.package_identification:_identify(src/uros/micro-ROS-Agent/micro_ros_agent) by extensions ['colcon_meta']
[0.871s] Level 1:colcon.colcon_core.package_identification:_identify(src/uros/micro-ROS-Agent/micro_ros_agent) by extension 'colcon_meta'
[0.871s] Level 1:colcon.colcon_core.package_identification:_identify(src/uros/micro-ROS-Agent/micro_ros_agent) by extensions ['ros']
[0.871s] Level 1:colcon.colcon_core.package_identification:_identify(src/uros/micro-ROS-Agent/micro_ros_agent) by extension 'ros'
[0.872s] DEBUG:colcon.colcon_core.package_identification:Package 'src/uros/micro-ROS-Agent/micro_ros_agent' with type 'ros.ament_cmake' and name 'micro_ros_agent'
[0.872s] Level 1:colcon.colcon_core.package_identification:_identify(src/uros/micro-ROS-Agent/snap) by extensions ['ignore', 'ignore_ament_install']
[0.872s] Level 1:colcon.colcon_core.package_identification:_identify(src/uros/micro-ROS-Agent/snap) by extension 'ignore'
[0.872s] Level 1:colcon.colcon_core.package_identification:_identify(src/uros/micro-ROS-Agent/snap) by extension 'ignore_ament_install'
[0.872s] Level 1:colcon.colcon_core.package_identification:_identify(src/uros/micro-ROS-Agent/snap) by extensions ['colcon_pkg']
[0.872s] Level 1:colcon.colcon_core.package_identification:_identify(src/uros/micro-ROS-Agent/snap) by extension 'colcon_pkg'
[0.872s] Level 1:colcon.colcon_core.package_identification:_identify(src/uros/micro-ROS-Agent/snap) by extensions ['colcon_meta']
[0.872s] Level 1:colcon.colcon_core.package_identification:_identify(src/uros/micro-ROS-Agent/snap) by extension 'colcon_meta'
[0.872s] Level 1:colcon.colcon_core.package_identification:_identify(src/uros/micro-ROS-Agent/snap) by extensions ['ros']
[0.872s] Level 1:colcon.colcon_core.package_identification:_identify(src/uros/micro-ROS-Agent/snap) by extension 'ros'
[0.872s] Level 1:colcon.colcon_core.package_identification:_identify(src/uros/micro-ROS-Agent/snap) by extensions ['cmake', 'python']
[0.872s] Level 1:colcon.colcon_core.package_identification:_identify(src/uros/micro-ROS-Agent/snap) by extension 'cmake'
[0.872s] Level 1:colcon.colcon_core.package_identification:_identify(src/uros/micro-ROS-Agent/snap) by extension 'python'
[0.872s] Level 1:colcon.colcon_core.package_identification:_identify(src/uros/micro-ROS-Agent/snap) by extensions ['python_setup_py']
[0.872s] Level 1:colcon.colcon_core.package_identification:_identify(src/uros/micro-ROS-Agent/snap) by extension 'python_setup_py'
[0.873s] Level 1:colcon.colcon_core.package_identification:_identify(src/uros/micro-ROS-Agent/snap/hooks) by extensions ['ignore', 'ignore_ament_install']
[0.873s] Level 1:colcon.colcon_core.package_identification:_identify(src/uros/micro-ROS-Agent/snap/hooks) by extension 'ignore'
[0.873s] Level 1:colcon.colcon_core.package_identification:_identify(src/uros/micro-ROS-Agent/snap/hooks) by extension 'ignore_ament_install'
[0.873s] Level 1:colcon.colcon_core.package_identification:_identify(src/uros/micro-ROS-Agent/snap/hooks) by extensions ['colcon_pkg']
[0.873s] Level 1:colcon.colcon_core.package_identification:_identify(src/uros/micro-ROS-Agent/snap/hooks) by extension 'colcon_pkg'
[0.873s] Level 1:colcon.colcon_core.package_identification:_identify(src/uros/micro-ROS-Agent/snap/hooks) by extensions ['colcon_meta']
[0.873s] Level 1:colcon.colcon_core.package_identification:_identify(src/uros/micro-ROS-Agent/snap/hooks) by extension 'colcon_meta'
[0.873s] Level 1:colcon.colcon_core.package_identification:_identify(src/uros/micro-ROS-Agent/snap/hooks) by extensions ['ros']
[0.873s] Level 1:colcon.colcon_core.package_identification:_identify(src/uros/micro-ROS-Agent/snap/hooks) by extension 'ros'
[0.873s] Level 1:colcon.colcon_core.package_identification:_identify(src/uros/micro-ROS-Agent/snap/hooks) by extensions ['cmake', 'python']
[0.873s] Level 1:colcon.colcon_core.package_identification:_identify(src/uros/micro-ROS-Agent/snap/hooks) by extension 'cmake'
[0.873s] Level 1:colcon.colcon_core.package_identification:_identify(src/uros/micro-ROS-Agent/snap/hooks) by extension 'python'
[0.873s] Level 1:colcon.colcon_core.package_identification:_identify(src/uros/micro-ROS-Agent/snap/hooks) by extensions ['python_setup_py']
[0.873s] Level 1:colcon.colcon_core.package_identification:_identify(src/uros/micro-ROS-Agent/snap/hooks) by extension 'python_setup_py'
[0.873s] Level 1:colcon.colcon_core.package_identification:_identify(src/uros/micro-ROS-Agent/snap/local) by extensions ['ignore', 'ignore_ament_install']
[0.873s] Level 1:colcon.colcon_core.package_identification:_identify(src/uros/micro-ROS-Agent/snap/local) by extension 'ignore'
[0.873s] Level 1:colcon.colcon_core.package_identification:_identify(src/uros/micro-ROS-Agent/snap/local) by extension 'ignore_ament_install'
[0.873s] Level 1:colcon.colcon_core.package_identification:_identify(src/uros/micro-ROS-Agent/snap/local) by extensions ['colcon_pkg']
[0.873s] Level 1:colcon.colcon_core.package_identification:_identify(src/uros/micro-ROS-Agent/snap/local) by extension 'colcon_pkg'
[0.873s] Level 1:colcon.colcon_core.package_identification:_identify(src/uros/micro-ROS-Agent/snap/local) by extensions ['colcon_meta']
[0.873s] Level 1:colcon.colcon_core.package_identification:_identify(src/uros/micro-ROS-Agent/snap/local) by extension 'colcon_meta'
[0.873s] Level 1:colcon.colcon_core.package_identification:_identify(src/uros/micro-ROS-Agent/snap/local) by extensions ['ros']
[0.873s] Level 1:colcon.colcon_core.package_identification:_identify(src/uros/micro-ROS-Agent/snap/local) by extension 'ros'
[0.873s] Level 1:colcon.colcon_core.package_identification:_identify(src/uros/micro-ROS-Agent/snap/local) by extensions ['cmake', 'python']
[0.873s] Level 1:colcon.colcon_core.package_identification:_identify(src/uros/micro-ROS-Agent/snap/local) by extension 'cmake'
[0.873s] Level 1:colcon.colcon_core.package_identification:_identify(src/uros/micro-ROS-Agent/snap/local) by extension 'python'
[0.873s] Level 1:colcon.colcon_core.package_identification:_identify(src/uros/micro-ROS-Agent/snap/local) by extensions ['python_setup_py']
[0.873s] Level 1:colcon.colcon_core.package_identification:_identify(src/uros/micro-ROS-Agent/snap/local) by extension 'python_setup_py'
[0.874s] Level 1:colcon.colcon_core.package_identification:_identify(src/uros/micro_ros_msgs) by extensions ['ignore', 'ignore_ament_install']
[0.874s] Level 1:colcon.colcon_core.package_identification:_identify(src/uros/micro_ros_msgs) by extension 'ignore'
[0.874s] Level 1:colcon.colcon_core.package_identification:_identify(src/uros/micro_ros_msgs) by extension 'ignore_ament_install'
[0.874s] Level 1:colcon.colcon_core.package_identification:_identify(src/uros/micro_ros_msgs) by extensions ['colcon_pkg']
[0.874s] Level 1:colcon.colcon_core.package_identification:_identify(src/uros/micro_ros_msgs) by extension 'colcon_pkg'
[0.874s] Level 1:colcon.colcon_core.package_identification:_identify(src/uros/micro_ros_msgs) by extensions ['colcon_meta']
[0.874s] Level 1:colcon.colcon_core.package_identification:_identify(src/uros/micro_ros_msgs) by extension 'colcon_meta'
[0.874s] Level 1:colcon.colcon_core.package_identification:_identify(src/uros/micro_ros_msgs) by extensions ['ros']
[0.874s] Level 1:colcon.colcon_core.package_identification:_identify(src/uros/micro_ros_msgs) by extension 'ros'
[0.874s] DEBUG:colcon.colcon_core.package_identification:Package 'src/uros/micro_ros_msgs' with type 'ros.ament_cmake' and name 'micro_ros_msgs'
[0.874s] Level 1:colcon.colcon_core.package_discovery:discover_packages(recursive) using defaults
[0.874s] Level 1:colcon.colcon_core.package_discovery:discover_packages(ignore) discover
[0.874s] Level 1:colcon.colcon_core.package_discovery:discover_packages(ignore) using defaults
[0.874s] Level 1:colcon.colcon_core.package_discovery:discover_packages(path) discover
[0.874s] Level 1:colcon.colcon_core.package_discovery:discover_packages(path) using defaults
[0.949s] Level 1:colcon.colcon_core.package_discovery:discover_packages(prefix_path) check parameters
[0.949s] Level 1:colcon.colcon_core.package_discovery:discover_packages(prefix_path) discover
[0.973s] DEBUG:colcon.colcon_installed_package_information.package_discovery:Found 5 installed packages in /home/logan/jupiter_ws/install
[0.984s] DEBUG:colcon.colcon_installed_package_information.package_discovery:Found 5 installed packages in /home/logan/i9robot_ws/install
[0.995s] DEBUG:colcon.colcon_installed_package_information.package_discovery:Found 3 installed packages in /home/logan/uros_ws/install
[1.007s] DEBUG:colcon.colcon_installed_package_information.package_discovery:Found 402 installed packages in /opt/ros/humble
[1.008s] Level 1:colcon.colcon_core.package_discovery:discover_packages(prefix_path) using defaults
[1.088s] Level 5:colcon.colcon_core.verb:set package 'micro_ros_msgs' build argument 'cmake_args' from command line to 'None'
[1.088s] Level 5:colcon.colcon_core.verb:set package 'micro_ros_msgs' build argument 'cmake_target' from command line to 'None'
[1.088s] Level 5:colcon.colcon_core.verb:set package 'micro_ros_msgs' build argument 'cmake_target_skip_unavailable' from command line to 'False'
[1.088s] Level 5:colcon.colcon_core.verb:set package 'micro_ros_msgs' build argument 'cmake_clean_cache' from command line to 'False'
[1.088s] Level 5:colcon.colcon_core.verb:set package 'micro_ros_msgs' build argument 'cmake_clean_first' from command line to 'False'
[1.088s] Level 5:colcon.colcon_core.verb:set package 'micro_ros_msgs' build argument 'cmake_force_configure' from command line to 'False'
[1.088s] Level 5:colcon.colcon_core.verb:set package 'micro_ros_msgs' build argument 'ament_cmake_args' from command line to 'None'
[1.088s] Level 5:colcon.colcon_core.verb:set package 'micro_ros_msgs' build argument 'catkin_cmake_args' from command line to 'None'
[1.088s] Level 5:colcon.colcon_core.verb:set package 'micro_ros_msgs' build argument 'catkin_skip_building_tests' from command line to 'False'
[1.088s] DEBUG:colcon.colcon_core.verb:Building package 'micro_ros_msgs' with the following arguments: {'ament_cmake_args': None, 'build_base': '/home/logan/uros_ws/build/micro_ros_msgs', 'catkin_cmake_args': None, 'catkin_skip_building_tests': False, 'cmake_args': None, 'cmake_clean_cache': False, 'cmake_clean_first': False, 'cmake_force_configure': False, 'cmake_target': None, 'cmake_target_skip_unavailable': False, 'install_base': '/home/logan/uros_ws/install/micro_ros_msgs', 'merge_install': False, 'path': '/home/logan/uros_ws/src/uros/micro_ros_msgs', 'symlink_install': False, 'test_result_base': None}
[1.099s] Level 5:colcon.colcon_core.verb:set package 'micro_ros_setup' build argument 'cmake_args' from command line to 'None'
[1.099s] Level 5:colcon.colcon_core.verb:set package 'micro_ros_setup' build argument 'cmake_target' from command line to 'None'
[1.099s] Level 5:colcon.colcon_core.verb:set package 'micro_ros_setup' build argument 'cmake_target_skip_unavailable' from command line to 'False'
[1.099s] Level 5:colcon.colcon_core.verb:set package 'micro_ros_setup' build argument 'cmake_clean_cache' from command line to 'False'
[1.099s] Level 5:colcon.colcon_core.verb:set package 'micro_ros_setup' build argument 'cmake_clean_first' from command line to 'False'
[1.099s] Level 5:colcon.colcon_core.verb:set package 'micro_ros_setup' build argument 'cmake_force_configure' from command line to 'False'
[1.099s] Level 5:colcon.colcon_core.verb:set package 'micro_ros_setup' build argument 'ament_cmake_args' from command line to 'None'
[1.099s] Level 5:colcon.colcon_core.verb:set package 'micro_ros_setup' build argument 'catkin_cmake_args' from command line to 'None'
[1.099s] Level 5:colcon.colcon_core.verb:set package 'micro_ros_setup' build argument 'catkin_skip_building_tests' from command line to 'False'
[1.099s] DEBUG:colcon.colcon_core.verb:Building package 'micro_ros_setup' with the following arguments: {'ament_cmake_args': None, 'build_base': '/home/logan/uros_ws/build/micro_ros_setup', 'catkin_cmake_args': None, 'catkin_skip_building_tests': False, 'cmake_args': None, 'cmake_clean_cache': False, 'cmake_clean_first': False, 'cmake_force_configure': False, 'cmake_target': None, 'cmake_target_skip_unavailable': False, 'install_base': '/home/logan/uros_ws/install/micro_ros_setup', 'merge_install': False, 'path': '/home/logan/uros_ws/src/micro_ros_setup', 'symlink_install': False, 'test_result_base': None}
[1.110s] Level 5:colcon.colcon_core.verb:set package 'micro_ros_agent' build argument 'cmake_args' from command line to 'None'
[1.110s] Level 5:colcon.colcon_core.verb:set package 'micro_ros_agent' build argument 'cmake_target' from command line to 'None'
[1.110s] Level 5:colcon.colcon_core.verb:set package 'micro_ros_agent' build argument 'cmake_target_skip_unavailable' from command line to 'False'
[1.110s] Level 5:colcon.colcon_core.verb:set package 'micro_ros_agent' build argument 'cmake_clean_cache' from command line to 'False'
[1.110s] Level 5:colcon.colcon_core.verb:set package 'micro_ros_agent' build argument 'cmake_clean_first' from command line to 'False'
[1.110s] Level 5:colcon.colcon_core.verb:set package 'micro_ros_agent' build argument 'cmake_force_configure' from command line to 'False'
[1.110s] Level 5:colcon.colcon_core.verb:set package 'micro_ros_agent' build argument 'ament_cmake_args' from command line to 'None'
[1.110s] Level 5:colcon.colcon_core.verb:set package 'micro_ros_agent' build argument 'catkin_cmake_args' from command line to 'None'
[1.110s] Level 5:colcon.colcon_core.verb:set package 'micro_ros_agent' build argument 'catkin_skip_building_tests' from command line to 'False'
[1.110s] DEBUG:colcon.colcon_core.verb:Building package 'micro_ros_agent' with the following arguments: {'ament_cmake_args': None, 'build_base': '/home/logan/uros_ws/build/micro_ros_agent', 'catkin_cmake_args': None, 'catkin_skip_building_tests': False, 'cmake_args': None, 'cmake_clean_cache': False, 'cmake_clean_first': False, 'cmake_force_configure': False, 'cmake_target': None, 'cmake_target_skip_unavailable': False, 'install_base': '/home/logan/uros_ws/install/micro_ros_agent', 'merge_install': False, 'path': '/home/logan/uros_ws/src/uros/micro-ROS-Agent/micro_ros_agent', 'symlink_install': False, 'test_result_base': None}
[1.121s] INFO:colcon.colcon_core.executor:Executing jobs using 'parallel' executor
[1.132s] DEBUG:colcon.colcon_parallel_executor.executor.parallel:run_until_complete
[1.132s] INFO:colcon.colcon_ros.task.ament_cmake.build:Building ROS package in '/home/logan/uros_ws/src/uros/micro_ros_msgs' with build type 'ament_cmake'
[1.132s] INFO:colcon.colcon_cmake.task.cmake.build:Building CMake package in '/home/logan/uros_ws/src/uros/micro_ros_msgs'
[1.146s] INFO:colcon.colcon_core.plugin_system:Skipping extension 'colcon_core.shell.bat': Not used on non-Windows systems
[1.147s] INFO:colcon.colcon_core.shell:Skip shell extension 'powershell' for command environment: Not usable outside of PowerShell
[1.147s] DEBUG:colcon.colcon_core.shell:Skip shell extension 'dsv' for command environment
[1.205s] INFO:colcon.colcon_ros.task.ament_cmake.build:Building ROS package in '/home/logan/uros_ws/src/micro_ros_setup' with build type 'ament_cmake'
[1.205s] INFO:colcon.colcon_cmake.task.cmake.build:Building CMake package in '/home/logan/uros_ws/src/micro_ros_setup'
[1.216s] INFO:colcon.colcon_core.shell:Skip shell extension 'powershell' for command environment: Not usable outside of PowerShell
[1.216s] DEBUG:colcon.colcon_core.shell:Skip shell extension 'dsv' for command environment
[1.277s] DEBUG:colcon.colcon_core.event_handler.log_command:Invoking command in '/home/logan/uros_ws/build/micro_ros_msgs': CMAKE_PREFIX_PATH=${CMAKE_PREFIX_PATH}:/home/logan/jupiter_ws/install/i9robot_voice:/home/logan/jupiter_ws/install/i9robot_camera:/home/logan/i9robot_ws/install/i9robot_voice:/home/logan/i9robot_ws/install/i9robot_camera:/opt/ros/humble /usr/bin/cmake /home/logan/uros_ws/src/uros/micro_ros_msgs -DCMAKE_INSTALL_PREFIX=/home/logan/uros_ws/install/micro_ros_msgs
[1.282s] DEBUG:colcon.colcon_core.event_handler.log_command:Invoking command in '/home/logan/uros_ws/build/micro_ros_setup': CMAKE_PREFIX_PATH=${CMAKE_PREFIX_PATH}:/home/logan/jupiter_ws/install/i9robot_voice:/home/logan/jupiter_ws/install/i9robot_camera:/home/logan/i9robot_ws/install/i9robot_voice:/home/logan/i9robot_ws/install/i9robot_camera:/opt/ros/humble /usr/bin/cmake --build /home/logan/uros_ws/build/micro_ros_setup -- -j8 -l8
[1.542s] DEBUG:colcon.colcon_core.event_handler.log_command:Invoked command in '/home/logan/uros_ws/build/micro_ros_setup' returned '0': CMAKE_PREFIX_PATH=${CMAKE_PREFIX_PATH}:/home/logan/jupiter_ws/install/i9robot_voice:/home/logan/jupiter_ws/install/i9robot_camera:/home/logan/i9robot_ws/install/i9robot_voice:/home/logan/i9robot_ws/install/i9robot_camera:/opt/ros/humble /usr/bin/cmake --build /home/logan/uros_ws/build/micro_ros_setup -- -j8 -l8
[1.563s] DEBUG:colcon.colcon_core.event_handler.log_command:Invoking command in '/home/logan/uros_ws/build/micro_ros_setup': CMAKE_PREFIX_PATH=${CMAKE_PREFIX_PATH}:/home/logan/jupiter_ws/install/i9robot_voice:/home/logan/jupiter_ws/install/i9robot_camera:/home/logan/i9robot_ws/install/i9robot_voice:/home/logan/i9robot_ws/install/i9robot_camera:/opt/ros/humble /usr/bin/cmake --install /home/logan/uros_ws/build/micro_ros_setup
[1.575s] Level 1:colcon.colcon_core.environment:create_environment_scripts_only(micro_ros_setup)
[1.577s] DEBUG:colcon.colcon_core.event_handler.log_command:Invoked command in '/home/logan/uros_ws/build/micro_ros_setup' returned '0': CMAKE_PREFIX_PATH=${CMAKE_PREFIX_PATH}:/home/logan/jupiter_ws/install/i9robot_voice:/home/logan/jupiter_ws/install/i9robot_camera:/home/logan/i9robot_ws/install/i9robot_voice:/home/logan/i9robot_ws/install/i9robot_camera:/opt/ros/humble /usr/bin/cmake --install /home/logan/uros_ws/build/micro_ros_setup
[1.592s] Level 1:colcon.colcon_core.environment:checking '/home/logan/uros_ws/install/micro_ros_setup' for CMake module files
[1.592s] Level 1:colcon.colcon_core.environment:checking '/home/logan/uros_ws/install/micro_ros_setup' for CMake config files
[1.593s] Level 1:colcon.colcon_core.shell:create_environment_hook('micro_ros_setup', 'cmake_prefix_path')
[1.604s] INFO:colcon.colcon_core.shell:Creating environment hook '/home/logan/uros_ws/install/micro_ros_setup/share/micro_ros_setup/hook/cmake_prefix_path.ps1'
[1.605s] INFO:colcon.colcon_core.shell:Creating environment descriptor '/home/logan/uros_ws/install/micro_ros_setup/share/micro_ros_setup/hook/cmake_prefix_path.dsv'
[1.605s] INFO:colcon.colcon_core.shell:Creating environment hook '/home/logan/uros_ws/install/micro_ros_setup/share/micro_ros_setup/hook/cmake_prefix_path.sh'
[1.606s] Level 1:colcon.colcon_core.environment:checking '/home/logan/uros_ws/install/micro_ros_setup/lib'
[1.606s] Level 1:colcon.colcon_core.environment:checking '/home/logan/uros_ws/install/micro_ros_setup/bin'
[1.606s] Level 1:colcon.colcon_core.environment:checking '/home/logan/uros_ws/install/micro_ros_setup/lib/pkgconfig/micro_ros_setup.pc'
[1.606s] Level 1:colcon.colcon_core.environment:checking '/home/logan/uros_ws/install/micro_ros_setup/lib/python3.10/site-packages'
[1.607s] Level 1:colcon.colcon_core.environment:checking '/home/logan/uros_ws/install/micro_ros_setup/bin'
[1.617s] INFO:colcon.colcon_core.shell:Creating package script '/home/logan/uros_ws/install/micro_ros_setup/share/micro_ros_setup/package.ps1'
[1.618s] INFO:colcon.colcon_core.shell:Creating package descriptor '/home/logan/uros_ws/install/micro_ros_setup/share/micro_ros_setup/package.dsv'
[1.618s] INFO:colcon.colcon_core.shell:Creating package script '/home/logan/uros_ws/install/micro_ros_setup/share/micro_ros_setup/package.sh'
[1.619s] INFO:colcon.colcon_core.shell:Creating package script '/home/logan/uros_ws/install/micro_ros_setup/share/micro_ros_setup/package.bash'
[1.620s] INFO:colcon.colcon_core.shell:Creating package script '/home/logan/uros_ws/install/micro_ros_setup/share/micro_ros_setup/package.zsh'
[1.621s] Level 1:colcon.colcon_core.environment:create_file_with_runtime_dependencies(/home/logan/uros_ws/install/micro_ros_setup/share/colcon-core/packages/micro_ros_setup)
[1.647s] Level 1:colcon.colcon_core.environment:create_environment_scripts_only(micro_ros_setup)
[1.658s] Level 1:colcon.colcon_core.environment:checking '/home/logan/uros_ws/install/micro_ros_setup' for CMake module files
[1.658s] Level 1:colcon.colcon_core.environment:checking '/home/logan/uros_ws/install/micro_ros_setup' for CMake config files
[1.658s] Level 1:colcon.colcon_core.shell:create_environment_hook('micro_ros_setup', 'cmake_prefix_path')
[1.669s] INFO:colcon.colcon_core.shell:Creating environment hook '/home/logan/uros_ws/install/micro_ros_setup/share/micro_ros_setup/hook/cmake_prefix_path.ps1'
[1.670s] INFO:colcon.colcon_core.shell:Creating environment descriptor '/home/logan/uros_ws/install/micro_ros_setup/share/micro_ros_setup/hook/cmake_prefix_path.dsv'
[1.670s] INFO:colcon.colcon_core.shell:Creating environment hook '/home/logan/uros_ws/install/micro_ros_setup/share/micro_ros_setup/hook/cmake_prefix_path.sh'
[1.670s] Level 1:colcon.colcon_core.environment:checking '/home/logan/uros_ws/install/micro_ros_setup/lib'
[1.670s] Level 1:colcon.colcon_core.environment:checking '/home/logan/uros_ws/install/micro_ros_setup/bin'
[1.670s] Level 1:colcon.colcon_core.environment:checking '/home/logan/uros_ws/install/micro_ros_setup/lib/pkgconfig/micro_ros_setup.pc'
[1.671s] Level 1:colcon.colcon_core.environment:checking '/home/logan/uros_ws/install/micro_ros_setup/lib/python3.10/site-packages'
[1.671s] Level 1:colcon.colcon_core.environment:checking '/home/logan/uros_ws/install/micro_ros_setup/bin'
[1.682s] INFO:colcon.colcon_core.shell:Creating package script '/home/logan/uros_ws/install/micro_ros_setup/share/micro_ros_setup/package.ps1'
[1.682s] INFO:colcon.colcon_core.shell:Creating package descriptor '/home/logan/uros_ws/install/micro_ros_setup/share/micro_ros_setup/package.dsv'
[1.682s] INFO:colcon.colcon_core.shell:Creating package script '/home/logan/uros_ws/install/micro_ros_setup/share/micro_ros_setup/package.sh'
[1.683s] INFO:colcon.colcon_core.shell:Creating package script '/home/logan/uros_ws/install/micro_ros_setup/share/micro_ros_setup/package.bash'
[1.683s] INFO:colcon.colcon_core.shell:Creating package script '/home/logan/uros_ws/install/micro_ros_setup/share/micro_ros_setup/package.zsh'
[1.683s] Level 1:colcon.colcon_core.environment:create_file_with_runtime_dependencies(/home/logan/uros_ws/install/micro_ros_setup/share/colcon-core/packages/micro_ros_setup)
[2.095s] DEBUG:colcon.colcon_core.event_handler.log_command:Invoked command in '/home/logan/uros_ws/build/micro_ros_msgs' returned '0': CMAKE_PREFIX_PATH=${CMAKE_PREFIX_PATH}:/home/logan/jupiter_ws/install/i9robot_voice:/home/logan/jupiter_ws/install/i9robot_camera:/home/logan/i9robot_ws/install/i9robot_voice:/home/logan/i9robot_ws/install/i9robot_camera:/opt/ros/humble /usr/bin/cmake /home/logan/uros_ws/src/uros/micro_ros_msgs -DCMAKE_INSTALL_PREFIX=/home/logan/uros_ws/install/micro_ros_msgs
[2.096s] DEBUG:colcon.colcon_core.event_handler.log_command:Invoking command in '/home/logan/uros_ws/build/micro_ros_msgs': CMAKE_PREFIX_PATH=${CMAKE_PREFIX_PATH}:/home/logan/jupiter_ws/install/i9robot_voice:/home/logan/jupiter_ws/install/i9robot_camera:/home/logan/i9robot_ws/install/i9robot_voice:/home/logan/i9robot_ws/install/i9robot_camera:/opt/ros/humble /usr/bin/cmake --build /home/logan/uros_ws/build/micro_ros_msgs -- -j8 -l8
[4.021s] DEBUG:colcon.colcon_core.event_handler.log_command:Invoked command in '/home/logan/uros_ws/build/micro_ros_msgs' returned '0': CMAKE_PREFIX_PATH=${CMAKE_PREFIX_PATH}:/home/logan/jupiter_ws/install/i9robot_voice:/home/logan/jupiter_ws/install/i9robot_camera:/home/logan/i9robot_ws/install/i9robot_voice:/home/logan/i9robot_ws/install/i9robot_camera:/opt/ros/humble /usr/bin/cmake --build /home/logan/uros_ws/build/micro_ros_msgs -- -j8 -l8
[4.085s] DEBUG:colcon.colcon_core.event_handler.log_command:Invoking command in '/home/logan/uros_ws/build/micro_ros_msgs': CMAKE_PREFIX_PATH=${CMAKE_PREFIX_PATH}:/home/logan/jupiter_ws/install/i9robot_voice:/home/logan/jupiter_ws/install/i9robot_camera:/home/logan/i9robot_ws/install/i9robot_voice:/home/logan/i9robot_ws/install/i9robot_camera:/opt/ros/humble /usr/bin/cmake --install /home/logan/uros_ws/build/micro_ros_msgs
[4.131s] Level 1:colcon.colcon_core.environment:create_environment_scripts_only(micro_ros_msgs)
[4.132s] DEBUG:colcon.colcon_core.event_handler.log_command:Invoked command in '/home/logan/uros_ws/build/micro_ros_msgs' returned '0': CMAKE_PREFIX_PATH=${CMAKE_PREFIX_PATH}:/home/logan/jupiter_ws/install/i9robot_voice:/home/logan/jupiter_ws/install/i9robot_camera:/home/logan/i9robot_ws/install/i9robot_voice:/home/logan/i9robot_ws/install/i9robot_camera:/opt/ros/humble /usr/bin/cmake --install /home/logan/uros_ws/build/micro_ros_msgs
[4.143s] Level 1:colcon.colcon_core.environment:checking '/home/logan/uros_ws/install/micro_ros_msgs' for CMake module files
[4.143s] Level 1:colcon.colcon_core.environment:checking '/home/logan/uros_ws/install/micro_ros_msgs' for CMake config files
[4.143s] Level 1:colcon.colcon_core.shell:create_environment_hook('micro_ros_msgs', 'cmake_prefix_path')
[4.154s] INFO:colcon.colcon_core.shell:Creating environment hook '/home/logan/uros_ws/install/micro_ros_msgs/share/micro_ros_msgs/hook/cmake_prefix_path.ps1'
[4.155s] INFO:colcon.colcon_core.shell:Creating environment descriptor '/home/logan/uros_ws/install/micro_ros_msgs/share/micro_ros_msgs/hook/cmake_prefix_path.dsv'
[4.155s] INFO:colcon.colcon_core.shell:Creating environment hook '/home/logan/uros_ws/install/micro_ros_msgs/share/micro_ros_msgs/hook/cmake_prefix_path.sh'
[4.155s] Level 1:colcon.colcon_core.environment:checking '/home/logan/uros_ws/install/micro_ros_msgs/lib'
[4.155s] Level 1:colcon.colcon_core.shell:create_environment_hook('micro_ros_msgs', 'ld_library_path_lib')
[4.167s] INFO:colcon.colcon_core.shell:Creating environment hook '/home/logan/uros_ws/install/micro_ros_msgs/share/micro_ros_msgs/hook/ld_library_path_lib.ps1'
[4.167s] INFO:colcon.colcon_core.shell:Creating environment descriptor '/home/logan/uros_ws/install/micro_ros_msgs/share/micro_ros_msgs/hook/ld_library_path_lib.dsv'
[4.167s] INFO:colcon.colcon_core.shell:Creating environment hook '/home/logan/uros_ws/install/micro_ros_msgs/share/micro_ros_msgs/hook/ld_library_path_lib.sh'
[4.167s] Level 1:colcon.colcon_core.environment:checking '/home/logan/uros_ws/install/micro_ros_msgs/bin'
[4.167s] Level 1:colcon.colcon_core.environment:checking '/home/logan/uros_ws/install/micro_ros_msgs/lib/pkgconfig/micro_ros_msgs.pc'
[4.167s] Level 1:colcon.colcon_core.environment:checking '/home/logan/uros_ws/install/micro_ros_msgs/lib/python3.10/site-packages'
[4.168s] Level 1:colcon.colcon_core.environment:checking '/home/logan/uros_ws/install/micro_ros_msgs/bin'
[4.179s] INFO:colcon.colcon_core.shell:Creating package script '/home/logan/uros_ws/install/micro_ros_msgs/share/micro_ros_msgs/package.ps1'
[4.179s] INFO:colcon.colcon_core.shell:Creating package descriptor '/home/logan/uros_ws/install/micro_ros_msgs/share/micro_ros_msgs/package.dsv'
[4.179s] INFO:colcon.colcon_core.shell:Creating package script '/home/logan/uros_ws/install/micro_ros_msgs/share/micro_ros_msgs/package.sh'
[4.180s] INFO:colcon.colcon_core.shell:Creating package script '/home/logan/uros_ws/install/micro_ros_msgs/share/micro_ros_msgs/package.bash'
[4.180s] INFO:colcon.colcon_core.shell:Creating package script '/home/logan/uros_ws/install/micro_ros_msgs/share/micro_ros_msgs/package.zsh'
[4.180s] Level 1:colcon.colcon_core.environment:create_file_with_runtime_dependencies(/home/logan/uros_ws/install/micro_ros_msgs/share/colcon-core/packages/micro_ros_msgs)
[4.254s] Level 1:colcon.colcon_core.environment:create_environment_scripts_only(micro_ros_msgs)
[4.264s] Level 1:colcon.colcon_core.environment:checking '/home/logan/uros_ws/install/micro_ros_msgs' for CMake module files
[4.265s] Level 1:colcon.colcon_core.environment:checking '/home/logan/uros_ws/install/micro_ros_msgs' for CMake config files
[4.265s] Level 1:colcon.colcon_core.shell:create_environment_hook('micro_ros_msgs', 'cmake_prefix_path')
[4.275s] INFO:colcon.colcon_core.shell:Creating environment hook '/home/logan/uros_ws/install/micro_ros_msgs/share/micro_ros_msgs/hook/cmake_prefix_path.ps1'
[4.276s] INFO:colcon.colcon_core.shell:Creating environment descriptor '/home/logan/uros_ws/install/micro_ros_msgs/share/micro_ros_msgs/hook/cmake_prefix_path.dsv'
[4.276s] INFO:colcon.colcon_core.shell:Creating environment hook '/home/logan/uros_ws/install/micro_ros_msgs/share/micro_ros_msgs/hook/cmake_prefix_path.sh'
[4.276s] Level 1:colcon.colcon_core.environment:checking '/home/logan/uros_ws/install/micro_ros_msgs/lib'
[4.276s] Level 1:colcon.colcon_core.shell:create_environment_hook('micro_ros_msgs', 'ld_library_path_lib')
[4.286s] INFO:colcon.colcon_core.shell:Creating environment hook '/home/logan/uros_ws/install/micro_ros_msgs/share/micro_ros_msgs/hook/ld_library_path_lib.ps1'
[4.287s] INFO:colcon.colcon_core.shell:Creating environment descriptor '/home/logan/uros_ws/install/micro_ros_msgs/share/micro_ros_msgs/hook/ld_library_path_lib.dsv'
[4.287s] INFO:colcon.colcon_core.shell:Creating environment hook '/home/logan/uros_ws/install/micro_ros_msgs/share/micro_ros_msgs/hook/ld_library_path_lib.sh'
[4.287s] Level 1:colcon.colcon_core.environment:checking '/home/logan/uros_ws/install/micro_ros_msgs/bin'
[4.287s] Level 1:colcon.colcon_core.environment:checking '/home/logan/uros_ws/install/micro_ros_msgs/lib/pkgconfig/micro_ros_msgs.pc'
[4.287s] Level 1:colcon.colcon_core.environment:checking '/home/logan/uros_ws/install/micro_ros_msgs/lib/python3.10/site-packages'
[4.287s] Level 1:colcon.colcon_core.environment:checking '/home/logan/uros_ws/install/micro_ros_msgs/bin'
[4.298s] INFO:colcon.colcon_core.shell:Creating package script '/home/logan/uros_ws/install/micro_ros_msgs/share/micro_ros_msgs/package.ps1'
[4.298s] INFO:colcon.colcon_core.shell:Creating package descriptor '/home/logan/uros_ws/install/micro_ros_msgs/share/micro_ros_msgs/package.dsv'
[4.298s] INFO:colcon.colcon_core.shell:Creating package script '/home/logan/uros_ws/install/micro_ros_msgs/share/micro_ros_msgs/package.sh'
[4.298s] INFO:colcon.colcon_core.shell:Creating package script '/home/logan/uros_ws/install/micro_ros_msgs/share/micro_ros_msgs/package.bash'
[4.298s] INFO:colcon.colcon_core.shell:Creating package script '/home/logan/uros_ws/install/micro_ros_msgs/share/micro_ros_msgs/package.zsh'
[4.299s] Level 1:colcon.colcon_core.environment:create_file_with_runtime_dependencies(/home/logan/uros_ws/install/micro_ros_msgs/share/colcon-core/packages/micro_ros_msgs)
[4.299s] INFO:colcon.colcon_ros.task.ament_cmake.build:Building ROS package in '/home/logan/uros_ws/src/uros/micro-ROS-Agent/micro_ros_agent' with build type 'ament_cmake'
[4.299s] INFO:colcon.colcon_cmake.task.cmake.build:Building CMake package in '/home/logan/uros_ws/src/uros/micro-ROS-Agent/micro_ros_agent'
[4.309s] INFO:colcon.colcon_core.shell:Skip shell extension 'powershell' for command environment: Not usable outside of PowerShell
[4.310s] DEBUG:colcon.colcon_core.shell:Skip shell extension 'dsv' for command environment
[4.380s] DEBUG:colcon.colcon_core.event_handler.log_command:Invoking command in '/home/logan/uros_ws/build/micro_ros_agent': CMAKE_PREFIX_PATH=/home/logan/uros_ws/install/micro_ros_msgs:/home/logan/jupiter_ws/install/i9robot_gazebo:/home/logan/jupiter_ws/install/i9robot_bringup:/home/logan/jupiter_ws/install/i9robot:/home/logan/uros_ws/install/micro_ros_setup:/home/logan/uros_ws/install/micro_ros_agent:/home/logan/i9robot_ws/install/i9robot_gazebo:/home/logan/i9robot_ws/install/i9robot_bringup:/home/logan/i9robot_ws/install/i9robot:/home/logan/jupiter_ws/install/i9robot_voice:/home/logan/jupiter_ws/install/i9robot_camera:/home/logan/i9robot_ws/install/i9robot_voice:/home/logan/i9robot_ws/install/i9robot_camera:/opt/ros/humble LD_LIBRARY_PATH=/home/logan/uros_ws/install/micro_ros_msgs/lib:/home/logan/uros_ws/install/micro_ros_agent/lib:/usr/lib/x86_64-linux-gnu/gazebo-11/plugins:/opt/ros/humble/opt/rviz_ogre_vendor/lib:/opt/ros/humble/lib/x86_64-linux-gnu:/opt/ros/humble/lib /usr/bin/cmake /home/logan/uros_ws/src/uros/micro-ROS-Agent/micro_ros_agent -DCMAKE_INSTALL_PREFIX=/home/logan/uros_ws/install/micro_ros_agent
[4.680s] DEBUG:colcon.colcon_core.event_handler.log_command:Invoked command in '/home/logan/uros_ws/build/micro_ros_agent' returned '0': CMAKE_PREFIX_PATH=/home/logan/uros_ws/install/micro_ros_msgs:/home/logan/jupiter_ws/install/i9robot_gazebo:/home/logan/jupiter_ws/install/i9robot_bringup:/home/logan/jupiter_ws/install/i9robot:/home/logan/uros_ws/install/micro_ros_setup:/home/logan/uros_ws/install/micro_ros_agent:/home/logan/i9robot_ws/install/i9robot_gazebo:/home/logan/i9robot_ws/install/i9robot_bringup:/home/logan/i9robot_ws/install/i9robot:/home/logan/jupiter_ws/install/i9robot_voice:/home/logan/jupiter_ws/install/i9robot_camera:/home/logan/i9robot_ws/install/i9robot_voice:/home/logan/i9robot_ws/install/i9robot_camera:/opt/ros/humble LD_LIBRARY_PATH=/home/logan/uros_ws/install/micro_ros_msgs/lib:/home/logan/uros_ws/install/micro_ros_agent/lib:/usr/lib/x86_64-linux-gnu/gazebo-11/plugins:/opt/ros/humble/opt/rviz_ogre_vendor/lib:/opt/ros/humble/lib/x86_64-linux-gnu:/opt/ros/humble/lib /usr/bin/cmake /home/logan/uros_ws/src/uros/micro-ROS-Agent/micro_ros_agent -DCMAKE_INSTALL_PREFIX=/home/logan/uros_ws/install/micro_ros_agent
[4.681s] DEBUG:colcon.colcon_core.event_handler.log_command:Invoking command in '/home/logan/uros_ws/build/micro_ros_agent': CMAKE_PREFIX_PATH=/home/logan/uros_ws/install/micro_ros_msgs:/home/logan/jupiter_ws/install/i9robot_gazebo:/home/logan/jupiter_ws/install/i9robot_bringup:/home/logan/jupiter_ws/install/i9robot:/home/logan/uros_ws/install/micro_ros_setup:/home/logan/uros_ws/install/micro_ros_agent:/home/logan/i9robot_ws/install/i9robot_gazebo:/home/logan/i9robot_ws/install/i9robot_bringup:/home/logan/i9robot_ws/install/i9robot:/home/logan/jupiter_ws/install/i9robot_voice:/home/logan/jupiter_ws/install/i9robot_camera:/home/logan/i9robot_ws/install/i9robot_voice:/home/logan/i9robot_ws/install/i9robot_camera:/opt/ros/humble LD_LIBRARY_PATH=/home/logan/uros_ws/install/micro_ros_msgs/lib:/home/logan/uros_ws/install/micro_ros_agent/lib:/usr/lib/x86_64-linux-gnu/gazebo-11/plugins:/opt/ros/humble/opt/rviz_ogre_vendor/lib:/opt/ros/humble/lib/x86_64-linux-gnu:/opt/ros/humble/lib /usr/bin/cmake --build /home/logan/uros_ws/build/micro_ros_agent -- -j8 -l8
[7.539s] DEBUG:colcon.colcon_core.event_handler.log_command:Invoked command in '/home/logan/uros_ws/build/micro_ros_agent' returned '0': CMAKE_PREFIX_PATH=/home/logan/uros_ws/install/micro_ros_msgs:/home/logan/jupiter_ws/install/i9robot_gazebo:/home/logan/jupiter_ws/install/i9robot_bringup:/home/logan/jupiter_ws/install/i9robot:/home/logan/uros_ws/install/micro_ros_setup:/home/logan/uros_ws/install/micro_ros_agent:/home/logan/i9robot_ws/install/i9robot_gazebo:/home/logan/i9robot_ws/install/i9robot_bringup:/home/logan/i9robot_ws/install/i9robot:/home/logan/jupiter_ws/install/i9robot_voice:/home/logan/jupiter_ws/install/i9robot_camera:/home/logan/i9robot_ws/install/i9robot_voice:/home/logan/i9robot_ws/install/i9robot_camera:/opt/ros/humble LD_LIBRARY_PATH=/home/logan/uros_ws/install/micro_ros_msgs/lib:/home/logan/uros_ws/install/micro_ros_agent/lib:/usr/lib/x86_64-linux-gnu/gazebo-11/plugins:/opt/ros/humble/opt/rviz_ogre_vendor/lib:/opt/ros/humble/lib/x86_64-linux-gnu:/opt/ros/humble/lib /usr/bin/cmake --build /home/logan/uros_ws/build/micro_ros_agent -- -j8 -l8
[7.571s] DEBUG:colcon.colcon_core.event_handler.log_command:Invoking command in '/home/logan/uros_ws/build/micro_ros_agent': CMAKE_PREFIX_PATH=/home/logan/uros_ws/install/micro_ros_msgs:/home/logan/jupiter_ws/install/i9robot_gazebo:/home/logan/jupiter_ws/install/i9robot_bringup:/home/logan/jupiter_ws/install/i9robot:/home/logan/uros_ws/install/micro_ros_setup:/home/logan/uros_ws/install/micro_ros_agent:/home/logan/i9robot_ws/install/i9robot_gazebo:/home/logan/i9robot_ws/install/i9robot_bringup:/home/logan/i9robot_ws/install/i9robot:/home/logan/jupiter_ws/install/i9robot_voice:/home/logan/jupiter_ws/install/i9robot_camera:/home/logan/i9robot_ws/install/i9robot_voice:/home/logan/i9robot_ws/install/i9robot_camera:/opt/ros/humble LD_LIBRARY_PATH=/home/logan/uros_ws/install/micro_ros_msgs/lib:/home/logan/uros_ws/install/micro_ros_agent/lib:/usr/lib/x86_64-linux-gnu/gazebo-11/plugins:/opt/ros/humble/opt/rviz_ogre_vendor/lib:/opt/ros/humble/lib/x86_64-linux-gnu:/opt/ros/humble/lib /usr/bin/cmake --install /home/logan/uros_ws/build/micro_ros_agent
[7.585s] Level 1:colcon.colcon_core.environment:create_environment_scripts_only(micro_ros_agent)
[7.585s] DEBUG:colcon.colcon_core.event_handler.log_command:Invoked command in '/home/logan/uros_ws/build/micro_ros_agent' returned '0': CMAKE_PREFIX_PATH=/home/logan/uros_ws/install/micro_ros_msgs:/home/logan/jupiter_ws/install/i9robot_gazebo:/home/logan/jupiter_ws/install/i9robot_bringup:/home/logan/jupiter_ws/install/i9robot:/home/logan/uros_ws/install/micro_ros_setup:/home/logan/uros_ws/install/micro_ros_agent:/home/logan/i9robot_ws/install/i9robot_gazebo:/home/logan/i9robot_ws/install/i9robot_bringup:/home/logan/i9robot_ws/install/i9robot:/home/logan/jupiter_ws/install/i9robot_voice:/home/logan/jupiter_ws/install/i9robot_camera:/home/logan/i9robot_ws/install/i9robot_voice:/home/logan/i9robot_ws/install/i9robot_camera:/opt/ros/humble LD_LIBRARY_PATH=/home/logan/uros_ws/install/micro_ros_msgs/lib:/home/logan/uros_ws/install/micro_ros_agent/lib:/usr/lib/x86_64-linux-gnu/gazebo-11/plugins:/opt/ros/humble/opt/rviz_ogre_vendor/lib:/opt/ros/humble/lib/x86_64-linux-gnu:/opt/ros/humble/lib /usr/bin/cmake --install /home/logan/uros_ws/build/micro_ros_agent
[7.599s] Level 1:colcon.colcon_core.environment:checking '/home/logan/uros_ws/install/micro_ros_agent' for CMake module files
[7.599s] Level 1:colcon.colcon_core.environment:checking '/home/logan/uros_ws/install/micro_ros_agent' for CMake config files
[7.599s] Level 1:colcon.colcon_core.shell:create_environment_hook('micro_ros_agent', 'cmake_prefix_path')
[7.610s] INFO:colcon.colcon_core.shell:Creating environment hook '/home/logan/uros_ws/install/micro_ros_agent/share/micro_ros_agent/hook/cmake_prefix_path.ps1'
[7.610s] INFO:colcon.colcon_core.shell:Creating environment descriptor '/home/logan/uros_ws/install/micro_ros_agent/share/micro_ros_agent/hook/cmake_prefix_path.dsv'
[7.610s] INFO:colcon.colcon_core.shell:Creating environment hook '/home/logan/uros_ws/install/micro_ros_agent/share/micro_ros_agent/hook/cmake_prefix_path.sh'
[7.610s] Level 1:colcon.colcon_core.environment:checking '/home/logan/uros_ws/install/micro_ros_agent/lib'
[7.610s] Level 1:colcon.colcon_core.shell:create_environment_hook('micro_ros_agent', 'ld_library_path_lib')
[7.621s] INFO:colcon.colcon_core.shell:Creating environment hook '/home/logan/uros_ws/install/micro_ros_agent/share/micro_ros_agent/hook/ld_library_path_lib.ps1'
[7.621s] INFO:colcon.colcon_core.shell:Creating environment descriptor '/home/logan/uros_ws/install/micro_ros_agent/share/micro_ros_agent/hook/ld_library_path_lib.dsv'
[7.621s] INFO:colcon.colcon_core.shell:Creating environment hook '/home/logan/uros_ws/install/micro_ros_agent/share/micro_ros_agent/hook/ld_library_path_lib.sh'
[7.621s] Level 1:colcon.colcon_core.environment:checking '/home/logan/uros_ws/install/micro_ros_agent/bin'
[7.621s] Level 1:colcon.colcon_core.environment:checking '/home/logan/uros_ws/install/micro_ros_agent/lib/pkgconfig/micro_ros_agent.pc'
[7.621s] Level 1:colcon.colcon_core.environment:checking '/home/logan/uros_ws/install/micro_ros_agent/lib/python3.10/site-packages'
[7.621s] Level 1:colcon.colcon_core.environment:checking '/home/logan/uros_ws/install/micro_ros_agent/bin'
[7.632s] INFO:colcon.colcon_core.shell:Creating package script '/home/logan/uros_ws/install/micro_ros_agent/share/micro_ros_agent/package.ps1'
[7.632s] INFO:colcon.colcon_core.shell:Creating package descriptor '/home/logan/uros_ws/install/micro_ros_agent/share/micro_ros_agent/package.dsv'
[7.632s] INFO:colcon.colcon_core.shell:Creating package script '/home/logan/uros_ws/install/micro_ros_agent/share/micro_ros_agent/package.sh'
[7.632s] INFO:colcon.colcon_core.shell:Creating package script '/home/logan/uros_ws/install/micro_ros_agent/share/micro_ros_agent/package.bash'
[7.633s] INFO:colcon.colcon_core.shell:Creating package script '/home/logan/uros_ws/install/micro_ros_agent/share/micro_ros_agent/package.zsh'
[7.633s] Level 1:colcon.colcon_core.environment:create_file_with_runtime_dependencies(/home/logan/uros_ws/install/micro_ros_agent/share/colcon-core/packages/micro_ros_agent)
[7.667s] Level 1:colcon.colcon_core.environment:create_environment_scripts_only(micro_ros_agent)
[7.678s] Level 1:colcon.colcon_core.environment:checking '/home/logan/uros_ws/install/micro_ros_agent' for CMake module files
[7.678s] Level 1:colcon.colcon_core.environment:checking '/home/logan/uros_ws/install/micro_ros_agent' for CMake config files
[7.678s] Level 1:colcon.colcon_core.shell:create_environment_hook('micro_ros_agent', 'cmake_prefix_path')
[7.689s] INFO:colcon.colcon_core.shell:Creating environment hook '/home/logan/uros_ws/install/micro_ros_agent/share/micro_ros_agent/hook/cmake_prefix_path.ps1'
[7.689s] INFO:colcon.colcon_core.shell:Creating environment descriptor '/home/logan/uros_ws/install/micro_ros_agent/share/micro_ros_agent/hook/cmake_prefix_path.dsv'
[7.689s] INFO:colcon.colcon_core.shell:Creating environment hook '/home/logan/uros_ws/install/micro_ros_agent/share/micro_ros_agent/hook/cmake_prefix_path.sh'
[7.690s] Level 1:colcon.colcon_core.environment:checking '/home/logan/uros_ws/install/micro_ros_agent/lib'
[7.690s] Level 1:colcon.colcon_core.shell:create_environment_hook('micro_ros_agent', 'ld_library_path_lib')
[7.701s] INFO:colcon.colcon_core.shell:Creating environment hook '/home/logan/uros_ws/install/micro_ros_agent/share/micro_ros_agent/hook/ld_library_path_lib.ps1'
[7.701s] INFO:colcon.colcon_core.shell:Creating environment descriptor '/home/logan/uros_ws/install/micro_ros_agent/share/micro_ros_agent/hook/ld_library_path_lib.dsv'
[7.701s] INFO:colcon.colcon_core.shell:Creating environment hook '/home/logan/uros_ws/install/micro_ros_agent/share/micro_ros_agent/hook/ld_library_path_lib.sh'
[7.701s] Level 1:colcon.colcon_core.environment:checking '/home/logan/uros_ws/install/micro_ros_agent/bin'
[7.701s] Level 1:colcon.colcon_core.environment:checking '/home/logan/uros_ws/install/micro_ros_agent/lib/pkgconfig/micro_ros_agent.pc'
[7.702s] Level 1:colcon.colcon_core.environment:checking '/home/logan/uros_ws/install/micro_ros_agent/lib/python3.10/site-packages'
[7.702s] Level 1:colcon.colcon_core.environment:checking '/home/logan/uros_ws/install/micro_ros_agent/bin'
[7.713s] INFO:colcon.colcon_core.shell:Creating package script '/home/logan/uros_ws/install/micro_ros_agent/share/micro_ros_agent/package.ps1'
[7.713s] INFO:colcon.colcon_core.shell:Creating package descriptor '/home/logan/uros_ws/install/micro_ros_agent/share/micro_ros_agent/package.dsv'
[7.713s] INFO:colcon.colcon_core.shell:Creating package script '/home/logan/uros_ws/install/micro_ros_agent/share/micro_ros_agent/package.sh'
[7.713s] INFO:colcon.colcon_core.shell:Creating package script '/home/logan/uros_ws/install/micro_ros_agent/share/micro_ros_agent/package.bash'
[7.714s] INFO:colcon.colcon_core.shell:Creating package script '/home/logan/uros_ws/install/micro_ros_agent/share/micro_ros_agent/package.zsh'
[7.714s] Level 1:colcon.colcon_core.environment:create_file_with_runtime_dependencies(/home/logan/uros_ws/install/micro_ros_agent/share/colcon-core/packages/micro_ros_agent)
[7.714s] DEBUG:colcon.colcon_parallel_executor.executor.parallel:closing loop
[7.714s] DEBUG:colcon.colcon_parallel_executor.executor.parallel:loop closed
[7.714s] DEBUG:colcon.colcon_parallel_executor.executor.parallel:run_until_complete finished with '0'
[7.714s] DEBUG:colcon.colcon_core.event_reactor:joining thread
[7.730s] INFO:colcon.colcon_core.plugin_system:Skipping extension 'colcon_notification.desktop_notification.terminal_notifier': Not used on non-Darwin systems
[7.730s] INFO:colcon.colcon_core.plugin_system:Skipping extension 'colcon_notification.desktop_notification.win32': Not used on non-Windows systems
[7.730s] INFO:colcon.colcon_notification.desktop_notification:Sending desktop notification using 'notify2'
[7.741s] DEBUG:colcon.colcon_core.event_reactor:joined thread
[7.752s] INFO:colcon.colcon_core.shell:Creating prefix script '/home/logan/uros_ws/install/local_setup.ps1'
[7.753s] INFO:colcon.colcon_core.shell:Creating prefix util module '/home/logan/uros_ws/install/_local_setup_util_ps1.py'
[7.754s] INFO:colcon.colcon_core.shell:Creating prefix chain script '/home/logan/uros_ws/install/setup.ps1'
[7.767s] INFO:colcon.colcon_core.shell:Creating prefix script '/home/logan/uros_ws/install/local_setup.sh'
[7.767s] INFO:colcon.colcon_core.shell:Creating prefix util module '/home/logan/uros_ws/install/_local_setup_util_sh.py'
[7.767s] INFO:colcon.colcon_core.shell:Creating prefix chain script '/home/logan/uros_ws/install/setup.sh'
[7.780s] INFO:colcon.colcon_core.shell:Creating prefix script '/home/logan/uros_ws/install/local_setup.bash'
[7.781s] INFO:colcon.colcon_core.shell:Creating prefix chain script '/home/logan/uros_ws/install/setup.bash'
[7.793s] INFO:colcon.colcon_core.shell:Creating prefix script '/home/logan/uros_ws/install/local_setup.zsh'
[7.793s] INFO:colcon.colcon_core.shell:Creating prefix chain script '/home/logan/uros_ws/install/setup.zsh'
