[0.008s] Invoking command in '/home/logan/uros_ws/build/micro_ros_msgs': CMAKE_PREFIX_PATH=${CMAKE_PREFIX_PATH}:/opt/ros/humble /usr/bin/cmake /home/logan/uros_ws/src/uros/micro_ros_msgs -DUAGENT_BUILD_EXECUTABLE=OFF -DUAGENT_P2P_PROFILE=OFF --no-warn-unused-cli -DCMAKE_INSTALL_PREFIX=/home/logan/uros_ws/install/micro_ros_msgs
[0.012s] Not searching for unused variables given on the command line.
[0.041s] -- The C compiler identification is GNU 11.3.0
[0.083s] -- The CXX compiler identification is GNU 11.3.0
[0.087s] -- Detecting C compiler ABI info
[0.135s] -- Detecting C compiler ABI info - done
[0.141s] -- Check for working C compiler: /usr/bin/cc - skipped
[0.141s] -- Detecting C compile features
[0.142s] -- Detecting C compile features - done
[0.144s] -- Detecting CXX compiler ABI info
[0.195s] -- Detecting CXX compiler ABI info - done
[0.199s] -- Check for working CXX compiler: /usr/bin/c++ - skipped
[0.199s] -- Detecting CXX compile features
[0.199s] -- Detecting CXX compile features - done
[0.201s] -- Found ament_cmake: 1.3.3 (/opt/ros/humble/share/ament_cmake/cmake)
[0.313s] -- Found Python3: /usr/bin/python3.10 (found version "3.10.6") found components: Interpreter 
[0.366s] -- Found rosidl_default_generators: 1.2.0 (/opt/ros/humble/share/rosidl_default_generators/cmake)
[0.367s] -- Using all available rosidl_typesupport_c: rosidl_typesupport_fastrtps_c;rosidl_typesupport_introspection_c
[0.371s] -- Found rosidl_adapter: 3.1.4 (/opt/ros/humble/share/rosidl_adapter/cmake)
[0.397s] -- Using all available rosidl_typesupport_cpp: rosidl_typesupport_fastrtps_cpp;rosidl_typesupport_introspection_cpp
[0.418s] -- Found ament_lint_auto: 0.12.5 (/opt/ros/humble/share/ament_lint_auto/cmake)
[0.579s] -- Found ament_cmake_ros: 0.10.0 (/opt/ros/humble/share/ament_cmake_ros/cmake)
[0.693s] -- Using all available rosidl_typesupport_c: rosidl_typesupport_fastrtps_c;rosidl_typesupport_introspection_c
[0.851s] -- Using all available rosidl_typesupport_cpp: rosidl_typesupport_fastrtps_cpp;rosidl_typesupport_introspection_cpp
[0.865s] -- Found PythonInterp: /usr/bin/python3 (found suitable version "3.10.6", minimum required is "3.6") 
[0.866s] -- Found python_cmake_module: 0.10.0 (/opt/ros/humble/share/python_cmake_module/cmake)
[0.883s] -- Found PythonLibs: /usr/lib/x86_64-linux-gnu/libpython3.10.so (found suitable version "3.10.6", minimum required is "3.5") 
[0.883s] -- Using PYTHON_EXECUTABLE: /usr/bin/python3
[0.883s] -- Using PYTHON_INCLUDE_DIRS: /usr/include/python3.10
[0.883s] -- Using PYTHON_LIBRARIES: /usr/lib/x86_64-linux-gnu/libpython3.10.so
[0.898s] -- Found PythonExtra: .so  
[0.918s] -- Added test 'copyright' to check source files copyright and LICENSE
[0.921s] -- Added test 'lint_cmake' to check CMake code style
[0.923s] -- Added test 'xmllint' to check XML markup files
[0.925s] -- Configuring done
[0.940s] -- Generating done
[0.941s] -- Build files have been written to: /home/logan/uros_ws/build/micro_ros_msgs
[0.946s] Invoked command in '/home/logan/uros_ws/build/micro_ros_msgs' returned '0': CMAKE_PREFIX_PATH=${CMAKE_PREFIX_PATH}:/opt/ros/humble /usr/bin/cmake /home/logan/uros_ws/src/uros/micro_ros_msgs -DUAGENT_BUILD_EXECUTABLE=OFF -DUAGENT_P2P_PROFILE=OFF --no-warn-unused-cli -DCMAKE_INSTALL_PREFIX=/home/logan/uros_ws/install/micro_ros_msgs
[0.948s] Invoking command in '/home/logan/uros_ws/build/micro_ros_msgs': CMAKE_PREFIX_PATH=${CMAKE_PREFIX_PATH}:/opt/ros/humble /usr/bin/cmake --build /home/logan/uros_ws/build/micro_ros_msgs -- -j8 -l8
[0.970s] [  2%] [34m[1mGenerating C code for ROS interfaces[0m
[0.975s] [  4%] [34m[1mGenerating C++ code for ROS interfaces[0m
[0.980s] [  4%] Built target ament_cmake_python_copy_micro_ros_msgs
[1.151s] running egg_info
[1.152s] creating micro_ros_msgs.egg-info
[1.152s] writing micro_ros_msgs.egg-info/PKG-INFO
[1.152s] writing dependency_links to micro_ros_msgs.egg-info/dependency_links.txt
[1.152s] writing top-level names to micro_ros_msgs.egg-info/top_level.txt
[1.156s] writing manifest file 'micro_ros_msgs.egg-info/SOURCES.txt'
[1.158s] reading manifest file 'micro_ros_msgs.egg-info/SOURCES.txt'
[1.158s] writing manifest file 'micro_ros_msgs.egg-info/SOURCES.txt'
[1.177s] [  4%] Built target ament_cmake_python_build_micro_ros_msgs_egg
[1.221s] [  4%] Built target micro_ros_msgs__cpp
[1.227s] [  8%] [34m[1mGenerating C++ type support for eProsima Fast-RTPS[0m
[1.227s] [  8%] [34m[1mGenerating C++ type support dispatch for ROS interfaces[0m
[1.228s] [ 10%] [34m[1mGenerating C++ introspection for ROS interfaces[0m
[1.239s] [ 12%] [32mBuilding C object CMakeFiles/micro_ros_msgs__rosidl_generator_c.dir/rosidl_generator_c/micro_ros_msgs/msg/detail/graph__functions.c.o[0m
[1.241s] [ 17%] [32mBuilding C object CMakeFiles/micro_ros_msgs__rosidl_generator_c.dir/rosidl_generator_c/micro_ros_msgs/msg/detail/entity__functions.c.o[0m
[1.241s] [ 17%] [32mBuilding C object CMakeFiles/micro_ros_msgs__rosidl_generator_c.dir/rosidl_generator_c/micro_ros_msgs/msg/detail/node__functions.c.o[0m
[1.285s] [ 19%] [32m[1mLinking C shared library libmicro_ros_msgs__rosidl_generator_c.so[0m
[1.309s] [ 19%] Built target micro_ros_msgs__rosidl_generator_c
[1.315s] [ 21%] [34m[1mGenerating C introspection for ROS interfaces[0m
[1.317s] [ 25%] [34m[1mGenerating C type support for eProsima Fast-RTPS[0m
[1.318s] [ 25%] [34m[1mGenerating C type support dispatch for ROS interfaces[0m
[1.461s] [ 29%] [32mBuilding CXX object CMakeFiles/micro_ros_msgs__rosidl_typesupport_cpp.dir/rosidl_typesupport_cpp/micro_ros_msgs/msg/graph__type_support.cpp.o[0m
[1.462s] [ 29%] [32mBuilding CXX object CMakeFiles/micro_ros_msgs__rosidl_typesupport_cpp.dir/rosidl_typesupport_cpp/micro_ros_msgs/msg/entity__type_support.cpp.o[0m
[1.462s] [ 31%] [32mBuilding CXX object CMakeFiles/micro_ros_msgs__rosidl_typesupport_cpp.dir/rosidl_typesupport_cpp/micro_ros_msgs/msg/node__type_support.cpp.o[0m
[1.551s] [ 34%] [32mBuilding CXX object CMakeFiles/micro_ros_msgs__rosidl_typesupport_fastrtps_cpp.dir/rosidl_typesupport_fastrtps_cpp/micro_ros_msgs/msg/detail/dds_fastrtps/graph__type_support.cpp.o[0m
[1.619s] [ 36%] [32mBuilding CXX object CMakeFiles/micro_ros_msgs__rosidl_typesupport_introspection_cpp.dir/rosidl_typesupport_introspection_cpp/micro_ros_msgs/msg/detail/graph__type_support.cpp.o[0m
[1.700s] [ 38%] [32mBuilding CXX object CMakeFiles/micro_ros_msgs__rosidl_typesupport_c.dir/rosidl_typesupport_c/micro_ros_msgs/msg/graph__type_support.cpp.o[0m
[1.732s] [ 40%] [32mBuilding CXX object CMakeFiles/micro_ros_msgs__rosidl_typesupport_c.dir/rosidl_typesupport_c/micro_ros_msgs/msg/node__type_support.cpp.o[0m
[1.752s] [ 42%] [32mBuilding CXX object CMakeFiles/micro_ros_msgs__rosidl_typesupport_fastrtps_cpp.dir/rosidl_typesupport_fastrtps_cpp/micro_ros_msgs/msg/detail/dds_fastrtps/node__type_support.cpp.o[0m
[1.752s] [ 44%] [32mBuilding CXX object CMakeFiles/micro_ros_msgs__rosidl_typesupport_introspection_cpp.dir/rosidl_typesupport_introspection_cpp/micro_ros_msgs/msg/detail/node__type_support.cpp.o[0m
[1.762s] [ 46%] [32mBuilding CXX object CMakeFiles/micro_ros_msgs__rosidl_typesupport_c.dir/rosidl_typesupport_c/micro_ros_msgs/msg/entity__type_support.cpp.o[0m
[1.765s] [ 48%] [32m[1mLinking CXX shared library libmicro_ros_msgs__rosidl_typesupport_cpp.so[0m
[1.789s] [ 51%] [32mBuilding C object CMakeFiles/micro_ros_msgs__rosidl_typesupport_introspection_c.dir/rosidl_typesupport_introspection_c/micro_ros_msgs/msg/detail/graph__type_support.c.o[0m
[1.792s] [ 53%] [32m[1mLinking CXX shared library libmicro_ros_msgs__rosidl_typesupport_c.so[0m
[1.795s] [ 55%] [32mBuilding CXX object CMakeFiles/micro_ros_msgs__rosidl_typesupport_fastrtps_c.dir/rosidl_typesupport_fastrtps_c/micro_ros_msgs/msg/detail/graph__type_support_c.cpp.o[0m
[1.805s] [ 55%] Built target micro_ros_msgs__rosidl_typesupport_cpp
[1.814s] [ 57%] [32mBuilding C object CMakeFiles/micro_ros_msgs__rosidl_typesupport_introspection_c.dir/rosidl_typesupport_introspection_c/micro_ros_msgs/msg/detail/node__type_support.c.o[0m
[1.838s] [ 59%] [32mBuilding C object CMakeFiles/micro_ros_msgs__rosidl_typesupport_introspection_c.dir/rosidl_typesupport_introspection_c/micro_ros_msgs/msg/detail/entity__type_support.c.o[0m
[1.838s] [ 59%] Built target micro_ros_msgs__rosidl_typesupport_c
[1.848s] [ 61%] [32mBuilding CXX object CMakeFiles/micro_ros_msgs__rosidl_typesupport_fastrtps_cpp.dir/rosidl_typesupport_fastrtps_cpp/micro_ros_msgs/msg/detail/dds_fastrtps/entity__type_support.cpp.o[0m
[1.870s] [ 63%] [32mBuilding CXX object CMakeFiles/micro_ros_msgs__rosidl_typesupport_fastrtps_c.dir/rosidl_typesupport_fastrtps_c/micro_ros_msgs/msg/detail/node__type_support_c.cpp.o[0m
[1.889s] [ 65%] [32m[1mLinking C shared library libmicro_ros_msgs__rosidl_typesupport_introspection_c.so[0m
[1.920s] [ 65%] Built target micro_ros_msgs__rosidl_typesupport_introspection_c
[1.929s] [ 68%] [32mBuilding CXX object CMakeFiles/micro_ros_msgs__rosidl_typesupport_fastrtps_c.dir/rosidl_typesupport_fastrtps_c/micro_ros_msgs/msg/detail/entity__type_support_c.cpp.o[0m
[2.049s] [ 70%] [32mBuilding CXX object CMakeFiles/micro_ros_msgs__rosidl_typesupport_introspection_cpp.dir/rosidl_typesupport_introspection_cpp/micro_ros_msgs/msg/detail/entity__type_support.cpp.o[0m
[2.276s] [ 72%] [32m[1mLinking CXX shared library libmicro_ros_msgs__rosidl_typesupport_fastrtps_cpp.so[0m
[2.296s] [ 74%] [32m[1mLinking CXX shared library libmicro_ros_msgs__rosidl_typesupport_fastrtps_c.so[0m
[2.330s] [ 74%] Built target micro_ros_msgs__rosidl_typesupport_fastrtps_cpp
[2.346s] [ 74%] Built target micro_ros_msgs__rosidl_typesupport_fastrtps_c
[2.408s] [ 76%] [32m[1mLinking CXX shared library libmicro_ros_msgs__rosidl_typesupport_introspection_cpp.so[0m
[2.458s] [ 76%] Built target micro_ros_msgs__rosidl_typesupport_introspection_cpp
[2.469s] [ 76%] Built target micro_ros_msgs
[2.480s] [ 78%] [34m[1mGenerating Python code for ROS interfaces[0m
[2.824s] [ 78%] Built target micro_ros_msgs__py
[2.835s] [ 85%] [32mBuilding C object CMakeFiles/micro_ros_msgs__rosidl_generator_py.dir/rosidl_generator_py/micro_ros_msgs/msg/_graph_s.c.o[0m
[2.835s] [ 85%] [32mBuilding C object CMakeFiles/micro_ros_msgs__rosidl_generator_py.dir/rosidl_generator_py/micro_ros_msgs/msg/_entity_s.c.o[0m
[2.835s] [ 85%] [32mBuilding C object CMakeFiles/micro_ros_msgs__rosidl_generator_py.dir/rosidl_generator_py/micro_ros_msgs/msg/_node_s.c.o[0m
[2.900s] [ 87%] [32m[1mLinking C shared library rosidl_generator_py/micro_ros_msgs/libmicro_ros_msgs__rosidl_generator_py.so[0m
[2.924s] [ 87%] Built target micro_ros_msgs__rosidl_generator_py
[2.936s] [ 93%] [32mBuilding C object CMakeFiles/micro_ros_msgs__rosidl_typesupport_introspection_c__pyext.dir/rosidl_generator_py/micro_ros_msgs/_micro_ros_msgs_s.ep.rosidl_typesupport_introspection_c.c.o[0m
[2.936s] [ 93%] [32mBuilding C object CMakeFiles/micro_ros_msgs__rosidl_typesupport_c__pyext.dir/rosidl_generator_py/micro_ros_msgs/_micro_ros_msgs_s.ep.rosidl_typesupport_c.c.o[0m
[2.936s] [ 93%] [32mBuilding C object CMakeFiles/micro_ros_msgs__rosidl_typesupport_fastrtps_c__pyext.dir/rosidl_generator_py/micro_ros_msgs/_micro_ros_msgs_s.ep.rosidl_typesupport_fastrtps_c.c.o[0m
[2.996s] [ 97%] [32m[1mLinking C shared library rosidl_generator_py/micro_ros_msgs/micro_ros_msgs_s__rosidl_typesupport_introspection_c.cpython-310-x86_64-linux-gnu.so[0m
[2.996s] [ 97%] [32m[1mLinking C shared library rosidl_generator_py/micro_ros_msgs/micro_ros_msgs_s__rosidl_typesupport_c.cpython-310-x86_64-linux-gnu.so[0m
[2.996s] [100%] [32m[1mLinking C shared library rosidl_generator_py/micro_ros_msgs/micro_ros_msgs_s__rosidl_typesupport_fastrtps_c.cpython-310-x86_64-linux-gnu.so[0m
[3.016s] [100%] Built target micro_ros_msgs__rosidl_typesupport_fastrtps_c__pyext
[3.016s] [100%] Built target micro_ros_msgs__rosidl_typesupport_introspection_c__pyext
[3.016s] [100%] Built target micro_ros_msgs__rosidl_typesupport_c__pyext
[3.022s] Invoked command in '/home/logan/uros_ws/build/micro_ros_msgs' returned '0': CMAKE_PREFIX_PATH=${CMAKE_PREFIX_PATH}:/opt/ros/humble /usr/bin/cmake --build /home/logan/uros_ws/build/micro_ros_msgs -- -j8 -l8
[3.077s] Invoking command in '/home/logan/uros_ws/build/micro_ros_msgs': CMAKE_PREFIX_PATH=${CMAKE_PREFIX_PATH}:/opt/ros/humble /usr/bin/cmake --install /home/logan/uros_ws/build/micro_ros_msgs
[3.081s] -- Install configuration: ""
[3.081s] -- Installing: /home/logan/uros_ws/install/micro_ros_msgs/share/ament_index/resource_index/rosidl_interfaces/micro_ros_msgs
[3.081s] -- Installing: /home/logan/uros_ws/install/micro_ros_msgs/include/micro_ros_msgs/micro_ros_msgs
[3.081s] -- Installing: /home/logan/uros_ws/install/micro_ros_msgs/include/micro_ros_msgs/micro_ros_msgs/msg
[3.081s] -- Installing: /home/logan/uros_ws/install/micro_ros_msgs/include/micro_ros_msgs/micro_ros_msgs/msg/graph.h
[3.082s] -- Installing: /home/logan/uros_ws/install/micro_ros_msgs/include/micro_ros_msgs/micro_ros_msgs/msg/node.h
[3.082s] -- Installing: /home/logan/uros_ws/install/micro_ros_msgs/include/micro_ros_msgs/micro_ros_msgs/msg/rosidl_generator_c__visibility_control.h
[3.082s] -- Installing: /home/logan/uros_ws/install/micro_ros_msgs/include/micro_ros_msgs/micro_ros_msgs/msg/detail
[3.082s] -- Installing: /home/logan/uros_ws/install/micro_ros_msgs/include/micro_ros_msgs/micro_ros_msgs/msg/detail/entity__functions.h
[3.082s] -- Installing: /home/logan/uros_ws/install/micro_ros_msgs/include/micro_ros_msgs/micro_ros_msgs/msg/detail/graph__struct.h
[3.082s] -- Installing: /home/logan/uros_ws/install/micro_ros_msgs/include/micro_ros_msgs/micro_ros_msgs/msg/detail/graph__type_support.h
[3.082s] -- Installing: /home/logan/uros_ws/install/micro_ros_msgs/include/micro_ros_msgs/micro_ros_msgs/msg/detail/node__functions.h
[3.082s] -- Installing: /home/logan/uros_ws/install/micro_ros_msgs/include/micro_ros_msgs/micro_ros_msgs/msg/detail/entity__struct.h
[3.082s] -- Installing: /home/logan/uros_ws/install/micro_ros_msgs/include/micro_ros_msgs/micro_ros_msgs/msg/detail/node__struct.h
[3.082s] -- Installing: /home/logan/uros_ws/install/micro_ros_msgs/include/micro_ros_msgs/micro_ros_msgs/msg/detail/entity__functions.c
[3.082s] -- Installing: /home/logan/uros_ws/install/micro_ros_msgs/include/micro_ros_msgs/micro_ros_msgs/msg/detail/node__type_support.h
[3.082s] -- Installing: /home/logan/uros_ws/install/micro_ros_msgs/include/micro_ros_msgs/micro_ros_msgs/msg/detail/graph__functions.h
[3.082s] -- Installing: /home/logan/uros_ws/install/micro_ros_msgs/include/micro_ros_msgs/micro_ros_msgs/msg/detail/node__functions.c
[3.082s] -- Installing: /home/logan/uros_ws/install/micro_ros_msgs/include/micro_ros_msgs/micro_ros_msgs/msg/detail/graph__functions.c
[3.082s] -- Installing: /home/logan/uros_ws/install/micro_ros_msgs/include/micro_ros_msgs/micro_ros_msgs/msg/detail/entity__type_support.h
[3.082s] -- Installing: /home/logan/uros_ws/install/micro_ros_msgs/include/micro_ros_msgs/micro_ros_msgs/msg/entity.h
[3.082s] -- Installing: /home/logan/uros_ws/install/micro_ros_msgs/share/micro_ros_msgs/environment/library_path.sh
[3.082s] -- Installing: /home/logan/uros_ws/install/micro_ros_msgs/share/micro_ros_msgs/environment/library_path.dsv
[3.083s] -- Installing: /home/logan/uros_ws/install/micro_ros_msgs/lib/libmicro_ros_msgs__rosidl_generator_c.so
[3.083s] -- Set runtime path of "/home/logan/uros_ws/install/micro_ros_msgs/lib/libmicro_ros_msgs__rosidl_generator_c.so" to ""
[3.083s] -- Up-to-date: /home/logan/uros_ws/install/micro_ros_msgs/include/micro_ros_msgs/micro_ros_msgs
[3.083s] -- Up-to-date: /home/logan/uros_ws/install/micro_ros_msgs/include/micro_ros_msgs/micro_ros_msgs/msg
[3.083s] -- Installing: /home/logan/uros_ws/install/micro_ros_msgs/include/micro_ros_msgs/micro_ros_msgs/msg/rosidl_typesupport_fastrtps_c__visibility_control.h
[3.083s] -- Up-to-date: /home/logan/uros_ws/install/micro_ros_msgs/include/micro_ros_msgs/micro_ros_msgs/msg/detail
[3.083s] -- Installing: /home/logan/uros_ws/install/micro_ros_msgs/include/micro_ros_msgs/micro_ros_msgs/msg/detail/node__rosidl_typesupport_fastrtps_c.h
[3.083s] -- Installing: /home/logan/uros_ws/install/micro_ros_msgs/include/micro_ros_msgs/micro_ros_msgs/msg/detail/entity__rosidl_typesupport_fastrtps_c.h
[3.083s] -- Installing: /home/logan/uros_ws/install/micro_ros_msgs/include/micro_ros_msgs/micro_ros_msgs/msg/detail/graph__rosidl_typesupport_fastrtps_c.h
[3.083s] -- Installing: /home/logan/uros_ws/install/micro_ros_msgs/lib/libmicro_ros_msgs__rosidl_typesupport_fastrtps_c.so
[3.083s] -- Set runtime path of "/home/logan/uros_ws/install/micro_ros_msgs/lib/libmicro_ros_msgs__rosidl_typesupport_fastrtps_c.so" to ""
[3.083s] -- Up-to-date: /home/logan/uros_ws/install/micro_ros_msgs/include/micro_ros_msgs/micro_ros_msgs
[3.083s] -- Up-to-date: /home/logan/uros_ws/install/micro_ros_msgs/include/micro_ros_msgs/micro_ros_msgs/msg
[3.083s] -- Up-to-date: /home/logan/uros_ws/install/micro_ros_msgs/include/micro_ros_msgs/micro_ros_msgs/msg/detail
[3.083s] -- Installing: /home/logan/uros_ws/install/micro_ros_msgs/include/micro_ros_msgs/micro_ros_msgs/msg/detail/entity__rosidl_typesupport_introspection_c.h
[3.083s] -- Installing: /home/logan/uros_ws/install/micro_ros_msgs/include/micro_ros_msgs/micro_ros_msgs/msg/detail/node__type_support.c
[3.083s] -- Installing: /home/logan/uros_ws/install/micro_ros_msgs/include/micro_ros_msgs/micro_ros_msgs/msg/detail/node__rosidl_typesupport_introspection_c.h
[3.083s] -- Installing: /home/logan/uros_ws/install/micro_ros_msgs/include/micro_ros_msgs/micro_ros_msgs/msg/detail/graph__rosidl_typesupport_introspection_c.h
[3.083s] -- Installing: /home/logan/uros_ws/install/micro_ros_msgs/include/micro_ros_msgs/micro_ros_msgs/msg/detail/entity__type_support.c
[3.084s] -- Installing: /home/logan/uros_ws/install/micro_ros_msgs/include/micro_ros_msgs/micro_ros_msgs/msg/detail/graph__type_support.c
[3.084s] -- Installing: /home/logan/uros_ws/install/micro_ros_msgs/include/micro_ros_msgs/micro_ros_msgs/msg/rosidl_typesupport_introspection_c__visibility_control.h
[3.084s] -- Installing: /home/logan/uros_ws/install/micro_ros_msgs/lib/libmicro_ros_msgs__rosidl_typesupport_introspection_c.so
[3.084s] -- Set runtime path of "/home/logan/uros_ws/install/micro_ros_msgs/lib/libmicro_ros_msgs__rosidl_typesupport_introspection_c.so" to ""
[3.084s] -- Installing: /home/logan/uros_ws/install/micro_ros_msgs/lib/libmicro_ros_msgs__rosidl_typesupport_c.so
[3.084s] -- Set runtime path of "/home/logan/uros_ws/install/micro_ros_msgs/lib/libmicro_ros_msgs__rosidl_typesupport_c.so" to ""
[3.084s] -- Up-to-date: /home/logan/uros_ws/install/micro_ros_msgs/include/micro_ros_msgs/micro_ros_msgs
[3.084s] -- Up-to-date: /home/logan/uros_ws/install/micro_ros_msgs/include/micro_ros_msgs/micro_ros_msgs/msg
[3.084s] -- Installing: /home/logan/uros_ws/install/micro_ros_msgs/include/micro_ros_msgs/micro_ros_msgs/msg/entity.hpp
[3.084s] -- Installing: /home/logan/uros_ws/install/micro_ros_msgs/include/micro_ros_msgs/micro_ros_msgs/msg/node.hpp
[3.084s] -- Installing: /home/logan/uros_ws/install/micro_ros_msgs/include/micro_ros_msgs/micro_ros_msgs/msg/graph.hpp
[3.084s] -- Up-to-date: /home/logan/uros_ws/install/micro_ros_msgs/include/micro_ros_msgs/micro_ros_msgs/msg/detail
[3.084s] -- Installing: /home/logan/uros_ws/install/micro_ros_msgs/include/micro_ros_msgs/micro_ros_msgs/msg/detail/graph__struct.hpp
[3.084s] -- Installing: /home/logan/uros_ws/install/micro_ros_msgs/include/micro_ros_msgs/micro_ros_msgs/msg/detail/node__builder.hpp
[3.084s] -- Installing: /home/logan/uros_ws/install/micro_ros_msgs/include/micro_ros_msgs/micro_ros_msgs/msg/detail/entity__traits.hpp
[3.084s] -- Installing: /home/logan/uros_ws/install/micro_ros_msgs/include/micro_ros_msgs/micro_ros_msgs/msg/detail/graph__traits.hpp
[3.084s] -- Installing: /home/logan/uros_ws/install/micro_ros_msgs/include/micro_ros_msgs/micro_ros_msgs/msg/detail/graph__builder.hpp
[3.084s] -- Installing: /home/logan/uros_ws/install/micro_ros_msgs/include/micro_ros_msgs/micro_ros_msgs/msg/detail/entity__builder.hpp
[3.084s] -- Installing: /home/logan/uros_ws/install/micro_ros_msgs/include/micro_ros_msgs/micro_ros_msgs/msg/detail/entity__struct.hpp
[3.084s] -- Installing: /home/logan/uros_ws/install/micro_ros_msgs/include/micro_ros_msgs/micro_ros_msgs/msg/detail/node__traits.hpp
[3.084s] -- Installing: /home/logan/uros_ws/install/micro_ros_msgs/include/micro_ros_msgs/micro_ros_msgs/msg/detail/node__struct.hpp
[3.085s] -- Up-to-date: /home/logan/uros_ws/install/micro_ros_msgs/include/micro_ros_msgs/micro_ros_msgs
[3.085s] -- Up-to-date: /home/logan/uros_ws/install/micro_ros_msgs/include/micro_ros_msgs/micro_ros_msgs/msg
[3.085s] -- Up-to-date: /home/logan/uros_ws/install/micro_ros_msgs/include/micro_ros_msgs/micro_ros_msgs/msg/detail
[3.085s] -- Installing: /home/logan/uros_ws/install/micro_ros_msgs/include/micro_ros_msgs/micro_ros_msgs/msg/detail/entity__rosidl_typesupport_fastrtps_cpp.hpp
[3.085s] -- Installing: /home/logan/uros_ws/install/micro_ros_msgs/include/micro_ros_msgs/micro_ros_msgs/msg/detail/dds_fastrtps
[3.085s] -- Installing: /home/logan/uros_ws/install/micro_ros_msgs/include/micro_ros_msgs/micro_ros_msgs/msg/detail/node__rosidl_typesupport_fastrtps_cpp.hpp
[3.085s] -- Installing: /home/logan/uros_ws/install/micro_ros_msgs/include/micro_ros_msgs/micro_ros_msgs/msg/detail/graph__rosidl_typesupport_fastrtps_cpp.hpp
[3.085s] -- Installing: /home/logan/uros_ws/install/micro_ros_msgs/include/micro_ros_msgs/micro_ros_msgs/msg/rosidl_typesupport_fastrtps_cpp__visibility_control.h
[3.085s] -- Installing: /home/logan/uros_ws/install/micro_ros_msgs/lib/libmicro_ros_msgs__rosidl_typesupport_fastrtps_cpp.so
[3.085s] -- Set runtime path of "/home/logan/uros_ws/install/micro_ros_msgs/lib/libmicro_ros_msgs__rosidl_typesupport_fastrtps_cpp.so" to ""
[3.085s] -- Up-to-date: /home/logan/uros_ws/install/micro_ros_msgs/include/micro_ros_msgs/micro_ros_msgs
[3.085s] -- Up-to-date: /home/logan/uros_ws/install/micro_ros_msgs/include/micro_ros_msgs/micro_ros_msgs/msg
[3.085s] -- Up-to-date: /home/logan/uros_ws/install/micro_ros_msgs/include/micro_ros_msgs/micro_ros_msgs/msg/detail
[3.085s] -- Installing: /home/logan/uros_ws/install/micro_ros_msgs/include/micro_ros_msgs/micro_ros_msgs/msg/detail/node__type_support.cpp
[3.085s] -- Installing: /home/logan/uros_ws/install/micro_ros_msgs/include/micro_ros_msgs/micro_ros_msgs/msg/detail/entity__rosidl_typesupport_introspection_cpp.hpp
[3.085s] -- Installing: /home/logan/uros_ws/install/micro_ros_msgs/include/micro_ros_msgs/micro_ros_msgs/msg/detail/node__rosidl_typesupport_introspection_cpp.hpp
[3.085s] -- Installing: /home/logan/uros_ws/install/micro_ros_msgs/include/micro_ros_msgs/micro_ros_msgs/msg/detail/entity__type_support.cpp
[3.085s] -- Installing: /home/logan/uros_ws/install/micro_ros_msgs/include/micro_ros_msgs/micro_ros_msgs/msg/detail/graph__type_support.cpp
[3.086s] -- Installing: /home/logan/uros_ws/install/micro_ros_msgs/include/micro_ros_msgs/micro_ros_msgs/msg/detail/graph__rosidl_typesupport_introspection_cpp.hpp
[3.086s] -- Installing: /home/logan/uros_ws/install/micro_ros_msgs/lib/libmicro_ros_msgs__rosidl_typesupport_introspection_cpp.so
[3.086s] -- Set runtime path of "/home/logan/uros_ws/install/micro_ros_msgs/lib/libmicro_ros_msgs__rosidl_typesupport_introspection_cpp.so" to ""
[3.086s] -- Installing: /home/logan/uros_ws/install/micro_ros_msgs/lib/libmicro_ros_msgs__rosidl_typesupport_cpp.so
[3.086s] -- Set runtime path of "/home/logan/uros_ws/install/micro_ros_msgs/lib/libmicro_ros_msgs__rosidl_typesupport_cpp.so" to ""
[3.086s] -- Installing: /home/logan/uros_ws/install/micro_ros_msgs/share/micro_ros_msgs/environment/pythonpath.sh
[3.086s] -- Installing: /home/logan/uros_ws/install/micro_ros_msgs/share/micro_ros_msgs/environment/pythonpath.dsv
[3.086s] -- Installing: /home/logan/uros_ws/install/micro_ros_msgs/local/lib/python3.10/dist-packages/micro_ros_msgs-1.0.0-py3.10.egg-info
[3.086s] -- Installing: /home/logan/uros_ws/install/micro_ros_msgs/local/lib/python3.10/dist-packages/micro_ros_msgs-1.0.0-py3.10.egg-info/PKG-INFO
[3.086s] -- Installing: /home/logan/uros_ws/install/micro_ros_msgs/local/lib/python3.10/dist-packages/micro_ros_msgs-1.0.0-py3.10.egg-info/top_level.txt
[3.086s] -- Installing: /home/logan/uros_ws/install/micro_ros_msgs/local/lib/python3.10/dist-packages/micro_ros_msgs-1.0.0-py3.10.egg-info/SOURCES.txt
[3.086s] -- Installing: /home/logan/uros_ws/install/micro_ros_msgs/local/lib/python3.10/dist-packages/micro_ros_msgs-1.0.0-py3.10.egg-info/dependency_links.txt
[3.086s] -- Installing: /home/logan/uros_ws/install/micro_ros_msgs/local/lib/python3.10/dist-packages/micro_ros_msgs
[3.086s] -- Installing: /home/logan/uros_ws/install/micro_ros_msgs/local/lib/python3.10/dist-packages/micro_ros_msgs/msg
[3.086s] -- Installing: /home/logan/uros_ws/install/micro_ros_msgs/local/lib/python3.10/dist-packages/micro_ros_msgs/msg/_graph_s.c
[3.086s] -- Installing: /home/logan/uros_ws/install/micro_ros_msgs/local/lib/python3.10/dist-packages/micro_ros_msgs/msg/_entity.py
[3.086s] -- Installing: /home/logan/uros_ws/install/micro_ros_msgs/local/lib/python3.10/dist-packages/micro_ros_msgs/msg/_entity_s.c
[3.086s] -- Installing: /home/logan/uros_ws/install/micro_ros_msgs/local/lib/python3.10/dist-packages/micro_ros_msgs/msg/_graph.py
[3.086s] -- Installing: /home/logan/uros_ws/install/micro_ros_msgs/local/lib/python3.10/dist-packages/micro_ros_msgs/msg/_node_s.c
[3.086s] -- Installing: /home/logan/uros_ws/install/micro_ros_msgs/local/lib/python3.10/dist-packages/micro_ros_msgs/msg/_node.py
[3.087s] -- Installing: /home/logan/uros_ws/install/micro_ros_msgs/local/lib/python3.10/dist-packages/micro_ros_msgs/msg/__init__.py
[3.087s] -- Installing: /home/logan/uros_ws/install/micro_ros_msgs/local/lib/python3.10/dist-packages/micro_ros_msgs/micro_ros_msgs_s__rosidl_typesupport_introspection_c.cpython-310-x86_64-linux-gnu.so
[3.087s] -- Installing: /home/logan/uros_ws/install/micro_ros_msgs/local/lib/python3.10/dist-packages/micro_ros_msgs/libmicro_ros_msgs__rosidl_generator_py.so
[3.087s] -- Installing: /home/logan/uros_ws/install/micro_ros_msgs/local/lib/python3.10/dist-packages/micro_ros_msgs/_micro_ros_msgs_s.ep.rosidl_typesupport_c.c
[3.087s] -- Installing: /home/logan/uros_ws/install/micro_ros_msgs/local/lib/python3.10/dist-packages/micro_ros_msgs/_micro_ros_msgs_s.ep.rosidl_typesupport_introspection_c.c
[3.087s] -- Installing: /home/logan/uros_ws/install/micro_ros_msgs/local/lib/python3.10/dist-packages/micro_ros_msgs/micro_ros_msgs_s__rosidl_typesupport_fastrtps_c.cpython-310-x86_64-linux-gnu.so
[3.087s] -- Installing: /home/logan/uros_ws/install/micro_ros_msgs/local/lib/python3.10/dist-packages/micro_ros_msgs/micro_ros_msgs_s__rosidl_typesupport_c.cpython-310-x86_64-linux-gnu.so
[3.087s] -- Installing: /home/logan/uros_ws/install/micro_ros_msgs/local/lib/python3.10/dist-packages/micro_ros_msgs/__init__.py
[3.087s] -- Installing: /home/logan/uros_ws/install/micro_ros_msgs/local/lib/python3.10/dist-packages/micro_ros_msgs/_micro_ros_msgs_s.ep.rosidl_typesupport_fastrtps_c.c
[3.109s] Listing '/home/logan/uros_ws/install/micro_ros_msgs/local/lib/python3.10/dist-packages/micro_ros_msgs'...
[3.109s] Compiling '/home/logan/uros_ws/install/micro_ros_msgs/local/lib/python3.10/dist-packages/micro_ros_msgs/__init__.py'...
[3.109s] Listing '/home/logan/uros_ws/install/micro_ros_msgs/local/lib/python3.10/dist-packages/micro_ros_msgs/msg'...
[3.109s] Compiling '/home/logan/uros_ws/install/micro_ros_msgs/local/lib/python3.10/dist-packages/micro_ros_msgs/msg/__init__.py'...
[3.109s] Compiling '/home/logan/uros_ws/install/micro_ros_msgs/local/lib/python3.10/dist-packages/micro_ros_msgs/msg/_entity.py'...
[3.109s] Compiling '/home/logan/uros_ws/install/micro_ros_msgs/local/lib/python3.10/dist-packages/micro_ros_msgs/msg/_graph.py'...
[3.109s] Compiling '/home/logan/uros_ws/install/micro_ros_msgs/local/lib/python3.10/dist-packages/micro_ros_msgs/msg/_node.py'...
[3.112s] -- Installing: /home/logan/uros_ws/install/micro_ros_msgs/local/lib/python3.10/dist-packages/micro_ros_msgs/micro_ros_msgs_s__rosidl_typesupport_fastrtps_c.cpython-310-x86_64-linux-gnu.so
[3.112s] -- Set runtime path of "/home/logan/uros_ws/install/micro_ros_msgs/local/lib/python3.10/dist-packages/micro_ros_msgs/micro_ros_msgs_s__rosidl_typesupport_fastrtps_c.cpython-310-x86_64-linux-gnu.so" to ""
[3.112s] -- Installing: /home/logan/uros_ws/install/micro_ros_msgs/local/lib/python3.10/dist-packages/micro_ros_msgs/micro_ros_msgs_s__rosidl_typesupport_introspection_c.cpython-310-x86_64-linux-gnu.so
[3.112s] -- Set runtime path of "/home/logan/uros_ws/install/micro_ros_msgs/local/lib/python3.10/dist-packages/micro_ros_msgs/micro_ros_msgs_s__rosidl_typesupport_introspection_c.cpython-310-x86_64-linux-gnu.so" to ""
[3.112s] -- Installing: /home/logan/uros_ws/install/micro_ros_msgs/local/lib/python3.10/dist-packages/micro_ros_msgs/micro_ros_msgs_s__rosidl_typesupport_c.cpython-310-x86_64-linux-gnu.so
[3.112s] -- Set runtime path of "/home/logan/uros_ws/install/micro_ros_msgs/local/lib/python3.10/dist-packages/micro_ros_msgs/micro_ros_msgs_s__rosidl_typesupport_c.cpython-310-x86_64-linux-gnu.so" to ""
[3.112s] -- Installing: /home/logan/uros_ws/install/micro_ros_msgs/lib/libmicro_ros_msgs__rosidl_generator_py.so
[3.112s] -- Set runtime path of "/home/logan/uros_ws/install/micro_ros_msgs/lib/libmicro_ros_msgs__rosidl_generator_py.so" to ""
[3.112s] -- Installing: /home/logan/uros_ws/install/micro_ros_msgs/share/micro_ros_msgs/msg/Graph.idl
[3.112s] -- Installing: /home/logan/uros_ws/install/micro_ros_msgs/share/micro_ros_msgs/msg/Node.idl
[3.113s] -- Installing: /home/logan/uros_ws/install/micro_ros_msgs/share/micro_ros_msgs/msg/Entity.idl
[3.113s] -- Installing: /home/logan/uros_ws/install/micro_ros_msgs/share/micro_ros_msgs/msg/Graph.msg
[3.113s] -- Installing: /home/logan/uros_ws/install/micro_ros_msgs/share/micro_ros_msgs/msg/Node.msg
[3.113s] -- Installing: /home/logan/uros_ws/install/micro_ros_msgs/share/micro_ros_msgs/msg/Entity.msg
[3.113s] -- Installing: /home/logan/uros_ws/install/micro_ros_msgs/share/ament_index/resource_index/package_run_dependencies/micro_ros_msgs
[3.113s] -- Installing: /home/logan/uros_ws/install/micro_ros_msgs/share/ament_index/resource_index/parent_prefix_path/micro_ros_msgs
[3.113s] -- Installing: /home/logan/uros_ws/install/micro_ros_msgs/share/micro_ros_msgs/environment/ament_prefix_path.sh
[3.113s] -- Installing: /home/logan/uros_ws/install/micro_ros_msgs/share/micro_ros_msgs/environment/ament_prefix_path.dsv
[3.113s] -- Installing: /home/logan/uros_ws/install/micro_ros_msgs/share/micro_ros_msgs/environment/path.sh
[3.113s] -- Installing: /home/logan/uros_ws/install/micro_ros_msgs/share/micro_ros_msgs/environment/path.dsv
[3.113s] -- Installing: /home/logan/uros_ws/install/micro_ros_msgs/share/micro_ros_msgs/local_setup.bash
[3.113s] -- Installing: /home/logan/uros_ws/install/micro_ros_msgs/share/micro_ros_msgs/local_setup.sh
[3.113s] -- Installing: /home/logan/uros_ws/install/micro_ros_msgs/share/micro_ros_msgs/local_setup.zsh
[3.113s] -- Installing: /home/logan/uros_ws/install/micro_ros_msgs/share/micro_ros_msgs/local_setup.dsv
[3.114s] -- Installing: /home/logan/uros_ws/install/micro_ros_msgs/share/micro_ros_msgs/package.dsv
[3.114s] -- Installing: /home/logan/uros_ws/install/micro_ros_msgs/share/ament_index/resource_index/packages/micro_ros_msgs
[3.114s] -- Installing: /home/logan/uros_ws/install/micro_ros_msgs/share/micro_ros_msgs/cmake/export_micro_ros_msgs__rosidl_generator_cExport.cmake
[3.114s] -- Installing: /home/logan/uros_ws/install/micro_ros_msgs/share/micro_ros_msgs/cmake/export_micro_ros_msgs__rosidl_generator_cExport-noconfig.cmake
[3.114s] -- Installing: /home/logan/uros_ws/install/micro_ros_msgs/share/micro_ros_msgs/cmake/export_micro_ros_msgs__rosidl_typesupport_fastrtps_cExport.cmake
[3.114s] -- Installing: /home/logan/uros_ws/install/micro_ros_msgs/share/micro_ros_msgs/cmake/export_micro_ros_msgs__rosidl_typesupport_fastrtps_cExport-noconfig.cmake
[3.114s] -- Installing: /home/logan/uros_ws/install/micro_ros_msgs/share/micro_ros_msgs/cmake/micro_ros_msgs__rosidl_typesupport_introspection_cExport.cmake
[3.114s] -- Installing: /home/logan/uros_ws/install/micro_ros_msgs/share/micro_ros_msgs/cmake/micro_ros_msgs__rosidl_typesupport_introspection_cExport-noconfig.cmake
[3.114s] -- Installing: /home/logan/uros_ws/install/micro_ros_msgs/share/micro_ros_msgs/cmake/micro_ros_msgs__rosidl_typesupport_cExport.cmake
[3.114s] -- Installing: /home/logan/uros_ws/install/micro_ros_msgs/share/micro_ros_msgs/cmake/micro_ros_msgs__rosidl_typesupport_cExport-noconfig.cmake
[3.114s] -- Installing: /home/logan/uros_ws/install/micro_ros_msgs/share/micro_ros_msgs/cmake/export_micro_ros_msgs__rosidl_generator_cppExport.cmake
[3.114s] -- Installing: /home/logan/uros_ws/install/micro_ros_msgs/share/micro_ros_msgs/cmake/export_micro_ros_msgs__rosidl_typesupport_fastrtps_cppExport.cmake
[3.114s] -- Installing: /home/logan/uros_ws/install/micro_ros_msgs/share/micro_ros_msgs/cmake/export_micro_ros_msgs__rosidl_typesupport_fastrtps_cppExport-noconfig.cmake
[3.114s] -- Installing: /home/logan/uros_ws/install/micro_ros_msgs/share/micro_ros_msgs/cmake/micro_ros_msgs__rosidl_typesupport_introspection_cppExport.cmake
[3.114s] -- Installing: /home/logan/uros_ws/install/micro_ros_msgs/share/micro_ros_msgs/cmake/micro_ros_msgs__rosidl_typesupport_introspection_cppExport-noconfig.cmake
[3.115s] -- Installing: /home/logan/uros_ws/install/micro_ros_msgs/share/micro_ros_msgs/cmake/micro_ros_msgs__rosidl_typesupport_cppExport.cmake
[3.115s] -- Installing: /home/logan/uros_ws/install/micro_ros_msgs/share/micro_ros_msgs/cmake/micro_ros_msgs__rosidl_typesupport_cppExport-noconfig.cmake
[3.115s] -- Installing: /home/logan/uros_ws/install/micro_ros_msgs/share/micro_ros_msgs/cmake/export_micro_ros_msgs__rosidl_generator_pyExport.cmake
[3.115s] -- Installing: /home/logan/uros_ws/install/micro_ros_msgs/share/micro_ros_msgs/cmake/export_micro_ros_msgs__rosidl_generator_pyExport-noconfig.cmake
[3.115s] -- Installing: /home/logan/uros_ws/install/micro_ros_msgs/share/micro_ros_msgs/cmake/rosidl_cmake-extras.cmake
[3.115s] -- Installing: /home/logan/uros_ws/install/micro_ros_msgs/share/micro_ros_msgs/cmake/ament_cmake_export_include_directories-extras.cmake
[3.115s] -- Installing: /home/logan/uros_ws/install/micro_ros_msgs/share/micro_ros_msgs/cmake/ament_cmake_export_libraries-extras.cmake
[3.115s] -- Installing: /home/logan/uros_ws/install/micro_ros_msgs/share/micro_ros_msgs/cmake/ament_cmake_export_targets-extras.cmake
[3.115s] -- Installing: /home/logan/uros_ws/install/micro_ros_msgs/share/micro_ros_msgs/cmake/rosidl_cmake_export_typesupport_targets-extras.cmake
[3.115s] -- Installing: /home/logan/uros_ws/install/micro_ros_msgs/share/micro_ros_msgs/cmake/ament_cmake_export_dependencies-extras.cmake
[3.115s] -- Installing: /home/logan/uros_ws/install/micro_ros_msgs/share/micro_ros_msgs/cmake/rosidl_cmake_export_typesupport_libraries-extras.cmake
[3.115s] -- Installing: /home/logan/uros_ws/install/micro_ros_msgs/share/micro_ros_msgs/cmake/micro_ros_msgsConfig.cmake
[3.115s] -- Installing: /home/logan/uros_ws/install/micro_ros_msgs/share/micro_ros_msgs/cmake/micro_ros_msgsConfig-version.cmake
[3.115s] -- Installing: /home/logan/uros_ws/install/micro_ros_msgs/share/micro_ros_msgs/package.xml
[3.117s] Invoked command in '/home/logan/uros_ws/build/micro_ros_msgs' returned '0': CMAKE_PREFIX_PATH=${CMAKE_PREFIX_PATH}:/opt/ros/humble /usr/bin/cmake --install /home/logan/uros_ws/build/micro_ros_msgs
